<?xml version="1.0" encoding="UTF-8"?>
<coverage generated="1781163164117" clover="3.2.0">
  <project timestamp="1781163164117" name="All files">
    <metrics statements="781" coveredstatements="573" conditionals="407" coveredconditionals="237" methods="118" coveredmethods="83" elements="1306" coveredelements="893" complexity="0" loc="781" ncloc="781" packages="1" files="7" classes="7"/>
    <file name="backtest.ts" path="/Users/russlecheng/Documents/Opensource/AI-Portfolio/src/utils/backtest.ts">
      <metrics statements="259" coveredstatements="167" conditionals="136" coveredconditionals="71" methods="22" coveredmethods="15"/>
      <line num="51" count="1" type="stmt"/>
      <line num="191" count="1" type="stmt"/>
      <line num="221" count="1" type="stmt"/>
      <line num="225" count="33" type="stmt"/>
      <line num="226" count="33" type="stmt"/>
      <line num="230" count="33" type="stmt"/>
      <line num="231" count="33" type="stmt"/>
      <line num="233" count="33" type="stmt"/>
      <line num="234" count="33" type="stmt"/>
      <line num="236" count="33" type="stmt"/>
      <line num="237" count="0" type="stmt"/>
      <line num="239" count="0" type="cond" truecount="0" falsecount="2"/>
      <line num="241" count="0" type="stmt"/>
      <line num="242" count="0" type="cond" truecount="0" falsecount="4"/>
      <line num="244" count="0" type="stmt"/>
      <line num="245" count="0" type="cond" truecount="0" falsecount="2"/>
      <line num="247" count="0" type="stmt"/>
      <line num="248" count="0" type="cond" truecount="0" falsecount="2"/>
      <line num="249" count="33" type="cond" truecount="1" falsecount="1"/>
      <line num="251" count="33" type="stmt"/>
      <line num="252" count="33" type="stmt"/>
      <line num="254" count="33" type="stmt"/>
      <line num="255" count="0" type="stmt"/>
      <line num="256" count="0" type="stmt"/>
      <line num="257" count="0" type="stmt"/>
      <line num="258" count="0" type="stmt"/>
      <line num="260" count="0" type="stmt"/>
      <line num="261" count="0" type="cond" truecount="0" falsecount="4"/>
      <line num="262" count="0" type="stmt"/>
      <line num="263" count="0" type="stmt"/>
      <line num="264" count="0" type="cond" truecount="0" falsecount="2"/>
      <line num="266" count="0" type="stmt"/>
      <line num="270" count="0" type="cond" truecount="0" falsecount="2"/>
      <line num="271" count="0" type="stmt"/>
      <line num="274" count="0" type="stmt"/>
      <line num="276" count="33" type="stmt"/>
      <line num="278" count="33" type="stmt"/>
      <line num="279" count="33" type="cond" truecount="2" falsecount="0"/>
      <line num="280" count="31" type="stmt"/>
      <line num="283" count="2" type="cond" truecount="4" falsecount="0"/>
      <line num="284" count="1" type="stmt"/>
      <line num="286" count="1" type="stmt"/>
      <line num="293" count="1" type="stmt"/>
      <line num="298" count="15" type="stmt"/>
      <line num="299" count="15" type="stmt"/>
      <line num="302" count="15" type="cond" truecount="1" falsecount="1"/>
      <line num="305" count="15" type="stmt"/>
      <line num="306" count="15" type="stmt"/>
      <line num="307" count="1860" type="stmt"/>
      <line num="309" count="1860" type="stmt"/>
      <line num="310" count="1860" type="cond" truecount="1" falsecount="1"/>
      <line num="311" count="1860" type="stmt"/>
      <line num="315" count="15" type="stmt"/>
      <line num="316" count="15" type="cond" truecount="1" falsecount="1"/>
      <line num="317" count="15" type="stmt"/>
      <line num="318" count="15" type="stmt"/>
      <line num="319" count="1860" type="stmt"/>
      <line num="321" count="15" type="stmt"/>
      <line num="322" count="15" type="stmt"/>
      <line num="326" count="15" type="stmt"/>
      <line num="327" count="15" type="stmt"/>
      <line num="328" count="15" type="stmt"/>
      <line num="329" count="1875" type="cond" truecount="2" falsecount="0"/>
      <line num="330" count="942" type="stmt"/>
      <line num="332" count="1875" type="cond" truecount="1" falsecount="1"/>
      <line num="333" count="1875" type="cond" truecount="2" falsecount="0"/>
      <line num="334" count="130" type="stmt"/>
      <line num="339" count="15" type="stmt"/>
      <line num="340" count="15" type="cond" truecount="1" falsecount="1"/>
      <line num="341" count="1860" type="stmt"/>
      <line num="342" count="1860" type="stmt"/>
      <line num="343" count="15" type="stmt"/>
      <line num="347" count="15" type="stmt"/>
      <line num="348" count="15" type="cond" truecount="1" falsecount="1"/>
      <line num="350" count="15" type="stmt"/>
      <line num="364" count="1" type="stmt"/>
      <line num="369" count="2625" type="cond" truecount="2" falsecount="0"/>
      <line num="371" count="21" type="cond" truecount="1" falsecount="1"/>
      <line num="372" count="0" type="stmt"/>
      <line num="385" count="21" type="stmt"/>
      <line num="388" count="2205" type="stmt"/>
      <line num="389" count="45" type="cond" truecount="1" falsecount="1"/>
      <line num="391" count="45" type="cond" truecount="1" falsecount="1"/>
      <line num="392" count="45" type="cond" truecount="1" falsecount="1"/>
      <line num="394" count="45" type="stmt"/>
      <line num="397" count="45" type="stmt"/>
      <line num="398" count="45" type="stmt"/>
      <line num="399" count="585" type="cond" truecount="1" falsecount="1"/>
      <line num="400" count="585" type="cond" truecount="4" falsecount="0"/>
      <line num="401" count="172" type="stmt"/>
      <line num="405" count="45" type="cond" truecount="1" falsecount="1"/>
      <line num="408" count="45" type="stmt"/>
      <line num="409" count="45" type="stmt"/>
      <line num="410" count="398" type="cond" truecount="1" falsecount="1"/>
      <line num="411" count="398" type="cond" truecount="4" falsecount="0"/>
      <line num="412" count="45" type="stmt"/>
      <line num="413" count="45" type="stmt"/>
      <line num="417" count="45" type="stmt"/>
      <line num="423" count="21" type="stmt"/>
      <line num="424" count="21" type="stmt"/>
      <line num="426" count="21" type="cond" truecount="2" falsecount="0"/>
      <line num="427" count="21" type="cond" truecount="2" falsecount="0"/>
      <line num="429" count="21" type="stmt"/>
      <line num="456" count="0" type="stmt"/>
      <line num="462" count="0" type="stmt"/>
      <line num="463" count="0" type="stmt"/>
      <line num="464" count="0" type="stmt"/>
      <line num="466" count="0" type="stmt"/>
      <line num="467" count="0" type="stmt"/>
      <line num="469" count="0" type="stmt"/>
      <line num="470" count="0" type="stmt"/>
      <line num="472" count="0" type="stmt"/>
      <line num="473" count="0" type="stmt"/>
      <line num="474" count="0" type="stmt"/>
      <line num="475" count="0" type="stmt"/>
      <line num="477" count="0" type="cond" truecount="0" falsecount="2"/>
      <line num="478" count="0" type="stmt"/>
      <line num="479" count="0" type="stmt"/>
      <line num="480" count="0" type="stmt"/>
      <line num="481" count="0" type="stmt"/>
      <line num="482" count="0" type="stmt"/>
      <line num="484" count="0" type="stmt"/>
      <line num="486" count="0" type="stmt"/>
      <line num="487" count="0" type="stmt"/>
      <line num="488" count="0" type="stmt"/>
      <line num="489" count="0" type="stmt"/>
      <line num="491" count="0" type="stmt"/>
      <line num="495" count="0" type="stmt"/>
      <line num="501" count="0" type="cond" truecount="0" falsecount="3"/>
      <line num="502" count="0" type="cond" truecount="0" falsecount="2"/>
      <line num="504" count="0" type="cond" truecount="0" falsecount="4"/>
      <line num="505" count="0" type="stmt"/>
      <line num="506" count="0" type="stmt"/>
      <line num="507" count="0" type="stmt"/>
      <line num="508" count="0" type="stmt"/>
      <line num="509" count="0" type="stmt"/>
      <line num="512" count="0" type="stmt"/>
      <line num="513" count="0" type="stmt"/>
      <line num="516" count="0" type="stmt"/>
      <line num="522" count="1" type="stmt"/>
      <line num="532" count="7" type="cond" truecount="1" falsecount="1"/>
      <line num="533" count="7" type="cond" truecount="1" falsecount="1"/>
      <line num="534" count="7" type="cond" truecount="1" falsecount="1"/>
      <line num="535" count="7" type="cond" truecount="1" falsecount="1"/>
      <line num="538" count="7" type="stmt"/>
      <line num="539" count="7" type="stmt"/>
      <line num="540" count="7" type="stmt"/>
      <line num="541" count="7" type="stmt"/>
      <line num="544" count="7" type="stmt"/>
      <line num="545" count="875" type="cond" truecount="3" falsecount="0"/>
      <line num="548" count="7" type="cond" truecount="1" falsecount="1"/>
      <line num="549" count="0" type="stmt"/>
      <line num="553" count="7" type="stmt"/>
      <line num="556" count="7" type="stmt"/>
      <line num="562" count="7" type="stmt"/>
      <line num="563" count="7" type="stmt"/>
      <line num="566" count="7" type="stmt"/>
      <line num="572" count="7" type="stmt"/>
      <line num="575" count="7" type="stmt"/>
      <line num="576" count="7" type="stmt"/>
      <line num="579" count="7" type="stmt"/>
      <line num="581" count="7" type="stmt"/>
      <line num="582" count="875" type="stmt"/>
      <line num="584" count="875" type="stmt"/>
      <line num="585" count="875" type="stmt"/>
      <line num="586" count="875" type="stmt"/>
      <line num="587" count="875" type="stmt"/>
      <line num="590" count="875" type="cond" truecount="2" falsecount="0"/>
      <line num="592" count="7" type="stmt"/>
      <line num="593" count="7" type="stmt"/>
      <line num="594" count="7" type="stmt"/>
      <line num="595" count="7" type="stmt"/>
      <line num="596" count="7" type="stmt"/>
      <line num="598" count="7" type="cond" truecount="2" falsecount="0"/>
      <line num="599" count="1" type="stmt"/>
      <line num="600" count="1" type="stmt"/>
      <line num="601" count="1" type="stmt"/>
      <line num="602" count="1" type="stmt"/>
      <line num="603" count="1" type="stmt"/>
      <line num="607" count="7" type="stmt"/>
      <line num="611" count="868" type="stmt"/>
      <line num="614" count="868" type="stmt"/>
      <line num="615" count="868" type="stmt"/>
      <line num="616" count="868" type="stmt"/>
      <line num="617" count="868" type="stmt"/>
      <line num="620" count="868" type="stmt"/>
      <line num="622" count="868" type="cond" truecount="2" falsecount="0"/>
      <line num="623" count="124" type="stmt"/>
      <line num="624" count="124" type="stmt"/>
      <line num="625" count="124" type="stmt"/>
      <line num="626" count="124" type="stmt"/>
      <line num="627" count="124" type="stmt"/>
      <line num="631" count="868" type="stmt"/>
      <line num="632" count="868" type="stmt"/>
      <line num="637" count="875" type="stmt"/>
      <line num="643" count="875" type="stmt"/>
      <line num="644" count="875" type="cond" truecount="2" falsecount="0"/>
      <line num="645" count="125" type="stmt"/>
      <line num="653" count="875" type="stmt"/>
      <line num="656" count="875" type="cond" truecount="3" falsecount="0"/>
      <line num="657" count="875" type="cond" truecount="2" falsecount="0"/>
      <line num="659" count="875" type="cond" truecount="4" falsecount="0"/>
      <line num="661" count="506" type="stmt"/>
      <line num="662" count="506" type="stmt"/>
      <line num="663" count="506" type="stmt"/>
      <line num="664" count="506" type="stmt"/>
      <line num="665" count="506" type="stmt"/>
      <line num="667" count="506" type="cond" truecount="2" falsecount="0"/>
      <line num="668" count="124" type="stmt"/>
      <line num="669" count="124" type="stmt"/>
      <line num="670" count="124" type="stmt"/>
      <line num="671" count="124" type="stmt"/>
      <line num="672" count="124" type="stmt"/>
      <line num="676" count="875" type="stmt"/>
      <line num="686" count="875" type="stmt"/>
      <line num="687" count="875" type="stmt"/>
      <line num="688" count="875" type="stmt"/>
      <line num="690" count="7" type="stmt"/>
      <line num="691" count="7" type="stmt"/>
      <line num="693" count="7" type="cond" truecount="2" falsecount="0"/>
      <line num="694" count="125" type="cond" truecount="1" falsecount="1"/>
      <line num="698" count="7" type="stmt"/>
      <line num="700" count="21" type="stmt"/>
      <line num="701" count="21" type="cond" truecount="1" falsecount="1"/>
      <line num="702" count="0" type="stmt"/>
      <line num="714" count="21" type="stmt"/>
      <line num="717" count="7" type="stmt"/>
      <line num="732" count="0" type="stmt"/>
      <line num="733" count="0" type="stmt"/>
      <line num="769" count="0" type="cond" truecount="0" falsecount="2"/>
      <line num="770" count="0" type="cond" truecount="0" falsecount="2"/>
      <line num="771" count="0" type="cond" truecount="0" falsecount="2"/>
      <line num="772" count="0" type="cond" truecount="0" falsecount="2"/>
      <line num="774" count="0" type="stmt"/>
      <line num="775" count="0" type="stmt"/>
      <line num="776" count="0" type="stmt"/>
      <line num="777" count="0" type="stmt"/>
      <line num="779" count="0" type="stmt"/>
      <line num="780" count="0" type="cond" truecount="0" falsecount="3"/>
      <line num="783" count="0" type="cond" truecount="0" falsecount="2"/>
      <line num="784" count="0" type="stmt"/>
      <line num="787" count="0" type="stmt"/>
      <line num="795" count="0" type="stmt"/>
      <line num="796" count="0" type="stmt"/>
      <line num="797" count="0" type="stmt"/>
      <line num="798" count="0" type="stmt"/>
      <line num="800" count="0" type="stmt"/>
      <line num="801" count="0" type="stmt"/>
      <line num="803" count="0" type="stmt"/>
      <line num="808" count="0" type="stmt"/>
      <line num="813" count="0" type="stmt"/>
      <line num="820" count="0" type="stmt"/>
      <line num="821" count="0" type="stmt"/>
      <line num="822" count="0" type="cond" truecount="0" falsecount="2"/>
      <line num="823" count="0" type="stmt"/>
      <line num="827" count="0" type="stmt"/>
      <line num="828" count="0" type="stmt"/>
      <line num="830" count="0" type="stmt"/>
      <line num="832" count="0" type="stmt"/>
    </file>
    <file name="formulas.ts" path="/Users/russlecheng/Documents/Opensource/AI-Portfolio/src/utils/formulas.ts">
      <metrics statements="66" coveredstatements="38" conditionals="58" coveredconditionals="32" methods="13" coveredmethods="8"/>
      <line num="9" count="1" type="stmt"/>
      <line num="22" count="10" type="stmt"/>
      <line num="24" count="10" type="cond" truecount="2" falsecount="0"/>
      <line num="25" count="8" type="cond" truecount="2" falsecount="0"/>
      <line num="27" count="6" type="stmt"/>
      <line num="28" count="14" type="stmt"/>
      <line num="29" count="14" type="stmt"/>
      <line num="31" count="14" type="cond" truecount="4" falsecount="0"/>
      <line num="32" count="6" type="stmt"/>
      <line num="34" count="6" type="stmt"/>
      <line num="43" count="0" type="stmt"/>
      <line num="51" count="5" type="cond" truecount="2" falsecount="0"/>
      <line num="52" count="3" type="stmt"/>
      <line num="64" count="7" type="cond" truecount="4" falsecount="0"/>
      <line num="67" count="4" type="cond" truecount="2" falsecount="0"/>
      <line num="68" count="1" type="stmt"/>
      <line num="71" count="3" type="stmt"/>
      <line num="84" count="6" type="cond" truecount="2" falsecount="0"/>
      <line num="87" count="4" type="cond" truecount="2" falsecount="0"/>
      <line num="88" count="1" type="stmt"/>
      <line num="91" count="3" type="stmt"/>
      <line num="92" count="3" type="stmt"/>
      <line num="94" count="3" type="stmt"/>
      <line num="102" count="0" type="cond" truecount="0" falsecount="2"/>
      <line num="103" count="0" type="stmt"/>
      <line num="111" count="4" type="stmt"/>
      <line num="139" count="8" type="cond" truecount="4" falsecount="0"/>
      <line num="141" count="5" type="stmt"/>
      <line num="143" count="5" type="stmt"/>
      <line num="144" count="7" type="cond" truecount="2" falsecount="0"/>
      <line num="145" count="7" type="stmt"/>
      <line num="146" count="7" type="stmt"/>
      <line num="147" count="7" type="stmt"/>
      <line num="149" count="7" type="stmt"/>
      <line num="194" count="0" type="stmt"/>
      <line num="196" count="0" type="stmt"/>
      <line num="200" count="0" type="stmt"/>
      <line num="201" count="0" type="stmt"/>
      <line num="202" count="0" type="cond" truecount="0" falsecount="2"/>
      <line num="203" count="0" type="cond" truecount="0" falsecount="2"/>
      <line num="204" count="0" type="cond" truecount="0" falsecount="2"/>
      <line num="207" count="0" type="cond" truecount="0" falsecount="2"/>
      <line num="211" count="0" type="stmt"/>
      <line num="212" count="0" type="stmt"/>
      <line num="214" count="0" type="stmt"/>
      <line num="218" count="0" type="stmt"/>
      <line num="219" count="0" type="stmt"/>
      <line num="220" count="0" type="cond" truecount="0" falsecount="2"/>
      <line num="221" count="0" type="cond" truecount="0" falsecount="2"/>
      <line num="222" count="0" type="stmt"/>
      <line num="223" count="0" type="stmt"/>
      <line num="225" count="0" type="cond" truecount="0" falsecount="2"/>
      <line num="226" count="0" type="stmt"/>
      <line num="230" count="0" type="stmt"/>
      <line num="232" count="0" type="stmt"/>
      <line num="235" count="0" type="cond" truecount="0" falsecount="2"/>
      <line num="236" count="0" type="cond" truecount="0" falsecount="2"/>
      <line num="240" count="0" type="stmt"/>
      <line num="254" count="0" type="stmt"/>
      <line num="274" count="8" type="cond" truecount="4" falsecount="0"/>
      <line num="275" count="3" type="stmt"/>
      <line num="279" count="5" type="cond" truecount="2" falsecount="0"/>
      <line num="280" count="1" type="stmt"/>
      <line num="281" count="1" type="stmt"/>
      <line num="287" count="4" type="stmt"/>
      <line num="288" count="4" type="stmt"/>
    </file>
    <file name="portfolioOptimization.ts" path="/Users/russlecheng/Documents/Opensource/AI-Portfolio/src/utils/portfolioOptimization.ts">
      <metrics statements="64" coveredstatements="64" conditionals="24" coveredconditionals="20" methods="14" coveredmethods="14"/>
      <line num="39" count="1" type="stmt"/>
      <line num="48" count="1" type="stmt"/>
      <line num="57" count="1" type="stmt"/>
      <line num="66" count="1" type="stmt"/>
      <line num="80" count="87500325" type="cond" truecount="2" falsecount="0"/>
      <line num="81" count="70000260" type="stmt"/>
      <line num="82" count="70000260" type="stmt"/>
      <line num="94" count="70000260" type="cond" truecount="1" falsecount="1"/>
      <line num="102" count="87500325" type="stmt"/>
      <line num="110" count="3500013" type="stmt"/>
      <line num="111" count="17500065" type="stmt"/>
      <line num="117" count="3500013" type="stmt"/>
      <line num="118" count="3500013" type="stmt"/>
      <line num="119" count="17500065" type="stmt"/>
      <line num="120" count="87500325" type="stmt"/>
      <line num="123" count="3500013" type="stmt"/>
      <line num="127" count="3500013" type="stmt"/>
      <line num="128" count="3500013" type="stmt"/>
      <line num="129" count="3500013" type="cond" truecount="2" falsecount="0"/>
      <line num="130" count="3500013" type="stmt"/>
      <line num="147" count="17500000" type="stmt"/>
      <line num="148" count="17500000" type="stmt"/>
      <line num="149" count="3500000" type="stmt"/>
      <line num="156" count="3500000" type="stmt"/>
      <line num="157" count="17500000" type="stmt"/>
      <line num="159" count="3500000" type="stmt"/>
      <line num="173" count="7" type="cond" truecount="1" falsecount="1"/>
      <line num="176" count="61618373" type="stmt"/>
      <line num="179" count="7" type="stmt"/>
      <line num="180" count="7" type="stmt"/>
      <line num="181" count="7" type="stmt"/>
      <line num="182" count="3500000" type="cond" truecount="2" falsecount="0"/>
      <line num="184" count="7544" type="cond" truecount="2" falsecount="0"/>
      <line num="187" count="7537" type="stmt"/>
      <line num="188" count="7537" type="stmt"/>
      <line num="189" count="7537" type="stmt"/>
      <line num="191" count="7537" type="cond" truecount="4" falsecount="0"/>
      <line num="192" count="114" type="stmt"/>
      <line num="193" count="114" type="stmt"/>
      <line num="196" count="7430" type="stmt"/>
      <line num="197" count="7430" type="stmt"/>
      <line num="201" count="7" type="cond" truecount="1" falsecount="1"/>
      <line num="204" count="7" type="stmt"/>
      <line num="205" count="7" type="stmt"/>
      <line num="206" count="7" type="stmt"/>
      <line num="207" count="700" type="stmt"/>
      <line num="208" count="700" type="stmt"/>
      <line num="210" count="7" type="stmt"/>
      <line num="226" count="7" type="stmt"/>
      <line num="227" count="7" type="stmt"/>
      <line num="229" count="7" type="stmt"/>
      <line num="230" count="3500000" type="stmt"/>
      <line num="231" count="3500000" type="stmt"/>
      <line num="234" count="7" type="stmt"/>
      <line num="237" count="7" type="stmt"/>
      <line num="238" count="7" type="stmt"/>
      <line num="239" count="700" type="cond" truecount="2" falsecount="0"/>
      <line num="243" count="7" type="stmt"/>
      <line num="244" count="7" type="stmt"/>
      <line num="245" count="700" type="cond" truecount="1" falsecount="1"/>
      <line num="249" count="7" type="stmt"/>
      <line num="256" count="7" type="stmt"/>
      <line num="258" count="7" type="stmt"/>
      <line num="272" count="6" type="stmt"/>
    </file>
    <file name="rebalance.ts" path="/Users/russlecheng/Documents/Opensource/AI-Portfolio/src/utils/rebalance.ts">
      <metrics statements="137" coveredstatements="111" conditionals="66" coveredconditionals="34" methods="40" coveredmethods="23"/>
      <line num="14" count="1" type="stmt"/>
      <line num="23" count="1" type="stmt"/>
      <line num="24" count="23" type="stmt"/>
      <line num="31" count="1" type="stmt"/>
      <line num="35" count="5" type="stmt"/>
      <line num="37" count="5" type="stmt"/>
      <line num="38" count="25" type="stmt"/>
      <line num="39" count="25" type="stmt"/>
      <line num="40" count="25" type="stmt"/>
      <line num="42" count="25" type="cond" truecount="2" falsecount="0"/>
      <line num="43" count="25" type="stmt"/>
      <line num="44" count="25" type="stmt"/>
      <line num="46" count="25" type="stmt"/>
      <line num="62" count="1" type="stmt"/>
      <line num="67" count="5" type="stmt"/>
      <line num="68" count="5" type="stmt"/>
      <line num="71" count="5" type="stmt"/>
      <line num="72" count="25" type="stmt"/>
      <line num="73" count="25" type="stmt"/>
      <line num="74" count="25" type="stmt"/>
      <line num="75" count="25" type="stmt"/>
      <line num="76" count="25" type="stmt"/>
      <line num="78" count="25" type="stmt"/>
      <line num="87" count="25" type="stmt"/>
      <line num="89" count="5" type="stmt"/>
      <line num="90" count="25" type="stmt"/>
      <line num="91" count="25" type="stmt"/>
      <line num="92" count="25" type="stmt"/>
      <line num="93" count="25" type="cond" truecount="2" falsecount="0"/>
      <line num="96" count="25" type="stmt"/>
      <line num="97" count="75" type="cond" truecount="2" falsecount="0"/>
      <line num="99" count="25" type="cond" truecount="1" falsecount="1"/>
      <line num="100" count="25" type="stmt"/>
      <line num="102" count="0" type="stmt"/>
      <line num="105" count="25" type="stmt"/>
      <line num="121" count="1" type="stmt"/>
      <line num="126" count="4" type="stmt"/>
      <line num="128" count="4" type="stmt"/>
      <line num="129" count="20" type="stmt"/>
      <line num="130" count="20" type="stmt"/>
      <line num="131" count="20" type="stmt"/>
      <line num="133" count="20" type="cond" truecount="2" falsecount="0"/>
      <line num="134" count="20" type="stmt"/>
      <line num="136" count="20" type="stmt"/>
      <line num="138" count="20" type="cond" truecount="2" falsecount="0"/>
      <line num="139" count="11" type="stmt"/>
      <line num="140" count="11" type="stmt"/>
      <line num="143" count="20" type="stmt"/>
      <line num="162" count="1" type="stmt"/>
      <line num="163" count="15" type="stmt"/>
      <line num="164" count="7" type="stmt"/>
      <line num="165" count="7" type="stmt"/>
      <line num="166" count="12" type="stmt"/>
      <line num="167" count="12" type="stmt"/>
      <line num="168" count="12" type="cond" truecount="1" falsecount="1"/>
      <line num="170" count="7" type="stmt"/>
      <line num="177" count="1" type="stmt"/>
      <line num="178" count="5" type="cond" truecount="2" falsecount="0"/>
      <line num="179" count="9" type="stmt"/>
      <line num="180" count="3" type="stmt"/>
      <line num="181" count="3" type="stmt"/>
      <line num="182" count="3" type="stmt"/>
      <line num="183" count="10" type="cond" truecount="2" falsecount="0"/>
      <line num="184" count="10" type="cond" truecount="1" falsecount="1"/>
      <line num="185" count="10" type="cond" truecount="2" falsecount="0"/>
      <line num="187" count="3" type="stmt"/>
      <line num="195" count="1" type="stmt"/>
      <line num="199" count="7" type="stmt"/>
      <line num="200" count="7" type="cond" truecount="2" falsecount="0"/>
      <line num="201" count="3" type="stmt"/>
      <line num="202" count="9" type="stmt"/>
      <line num="203" count="9" type="stmt"/>
      <line num="204" count="9" type="stmt"/>
      <line num="205" count="3" type="stmt"/>
      <line num="206" count="3" type="cond" truecount="1" falsecount="1"/>
      <line num="207" count="3" type="stmt"/>
      <line num="215" count="1" type="stmt"/>
      <line num="219" count="1" type="stmt"/>
      <line num="221" count="1" type="stmt"/>
      <line num="222" count="0" type="stmt"/>
      <line num="223" count="0" type="cond" truecount="0" falsecount="2"/>
      <line num="224" count="0" type="stmt"/>
      <line num="225" count="0" type="stmt"/>
      <line num="226" count="0" type="stmt"/>
      <line num="227" count="0" type="stmt"/>
      <line num="228" count="0" type="stmt"/>
      <line num="229" count="0" type="cond" truecount="0" falsecount="4"/>
      <line num="230" count="0" type="stmt"/>
      <line num="233" count="1" type="stmt"/>
      <line num="236" count="0" type="stmt"/>
      <line num="238" count="0" type="stmt"/>
      <line num="239" count="0" type="cond" truecount="0" falsecount="5"/>
      <line num="243" count="0" type="stmt"/>
      <line num="244" count="0" type="cond" truecount="0" falsecount="2"/>
      <line num="245" count="0" type="cond" truecount="0" falsecount="2"/>
      <line num="246" count="0" type="cond" truecount="0" falsecount="2"/>
      <line num="247" count="0" type="cond" truecount="0" falsecount="2"/>
      <line num="248" count="0" type="cond" truecount="0" falsecount="2"/>
      <line num="251" count="0" type="stmt"/>
      <line num="252" count="0" type="stmt"/>
      <line num="253" count="0" type="cond" truecount="0" falsecount="2"/>
      <line num="254" count="0" type="stmt"/>
      <line num="281" count="1" type="stmt"/>
      <line num="288" count="6" type="stmt"/>
      <line num="291" count="6" type="stmt"/>
      <line num="292" count="24" type="cond" truecount="2" falsecount="0"/>
      <line num="293" count="24" type="stmt"/>
      <line num="294" count="24" type="stmt"/>
      <line num="302" count="6" type="stmt"/>
      <line num="311" count="6" type="stmt"/>
      <line num="312" count="24" type="stmt"/>
      <line num="313" count="24" type="stmt"/>
      <line num="315" count="24" type="stmt"/>
      <line num="316" count="24" type="cond" truecount="1" falsecount="1"/>
      <line num="317" count="24" type="stmt"/>
      <line num="320" count="0" type="stmt"/>
      <line num="321" count="0" type="cond" truecount="0" falsecount="2"/>
      <line num="324" count="24" type="stmt"/>
      <line num="325" count="24" type="stmt"/>
      <line num="326" count="24" type="stmt"/>
      <line num="328" count="24" type="stmt"/>
      <line num="342" count="24" type="stmt"/>
      <line num="345" count="6" type="stmt"/>
      <line num="346" count="24" type="stmt"/>
      <line num="347" count="24" type="cond" truecount="1" falsecount="1"/>
      <line num="348" count="24" type="stmt"/>
      <line num="350" count="0" type="stmt"/>
      <line num="353" count="24" type="stmt"/>
      <line num="354" count="24" type="stmt"/>
      <line num="356" count="24" type="cond" truecount="1" falsecount="1"/>
      <line num="357" count="24" type="cond" truecount="2" falsecount="0"/>
      <line num="358" count="6" type="stmt"/>
      <line num="359" count="6" type="stmt"/>
      <line num="361" count="18" type="stmt"/>
      <line num="362" count="18" type="stmt"/>
      <line num="363" count="18" type="stmt"/>
      <line num="367" count="24" type="stmt"/>
    </file>
    <file name="retirement.ts" path="/Users/russlecheng/Documents/Opensource/AI-Portfolio/src/utils/retirement.ts">
      <metrics statements="200" coveredstatements="140" conditionals="87" coveredconditionals="51" methods="20" coveredmethods="14"/>
      <line num="4" count="1" type="stmt"/>
      <line num="5" count="405005" type="stmt"/>
      <line num="6" count="405005" type="stmt"/>
      <line num="7" count="405005" type="stmt"/>
      <line num="8" count="405005" type="stmt"/>
      <line num="9" count="405005" type="stmt"/>
      <line num="23" count="1" type="stmt"/>
      <line num="31" count="55007" type="stmt"/>
      <line num="32" count="55007" type="stmt"/>
      <line num="33" count="55007" type="stmt"/>
      <line num="34" count="55007" type="stmt"/>
      <line num="40" count="1" type="stmt"/>
      <line num="49" count="5" type="stmt"/>
      <line num="50" count="5" type="stmt"/>
      <line num="54" count="5000" type="stmt"/>
      <line num="56" count="5" type="stmt"/>
      <line num="57" count="5000" type="stmt"/>
      <line num="58" count="5000" type="stmt"/>
      <line num="59" count="30000" type="stmt"/>
      <line num="64" count="30000" type="stmt"/>
      <line num="65" count="30000" type="stmt"/>
      <line num="70" count="5" type="stmt"/>
      <line num="71" count="5" type="stmt"/>
      <line num="72" count="5" type="stmt"/>
      <line num="73" count="5" type="stmt"/>
      <line num="75" count="5" type="stmt"/>
      <line num="76" count="30" type="stmt"/>
      <line num="78" count="258962" type="stmt"/>
      <line num="81" count="30" type="stmt"/>
      <line num="83" count="30" type="stmt"/>
      <line num="85" count="30" type="stmt"/>
      <line num="89" count="5000" type="stmt"/>
      <line num="90" count="5000" type="stmt"/>
      <line num="91" count="30" type="stmt"/>
      <line num="93" count="30" type="stmt"/>
      <line num="115" count="1" type="stmt"/>
      <line num="124" count="0" type="stmt"/>
      <line num="126" count="0" type="stmt"/>
      <line num="127" count="0" type="stmt"/>
      <line num="129" count="0" type="cond" truecount="0" falsecount="2"/>
      <line num="130" count="0" type="stmt"/>
      <line num="131" count="0" type="stmt"/>
      <line num="141" count="0" type="stmt"/>
      <line num="151" count="0" type="stmt"/>
      <line num="152" count="0" type="stmt"/>
      <line num="154" count="0" type="cond" truecount="0" falsecount="2"/>
      <line num="155" count="0" type="stmt"/>
      <line num="156" count="0" type="cond" truecount="0" falsecount="2"/>
      <line num="157" count="0" type="stmt"/>
      <line num="158" count="0" type="cond" truecount="0" falsecount="2"/>
      <line num="159" count="0" type="stmt"/>
      <line num="162" count="0" type="stmt"/>
      <line num="185" count="1" type="stmt"/>
      <line num="200" count="7" type="stmt"/>
      <line num="201" count="7" type="stmt"/>
      <line num="202" count="7" type="stmt"/>
      <line num="205" count="7" type="stmt"/>
      <line num="208" count="7000" type="stmt"/>
      <line num="211" count="7" type="stmt"/>
      <line num="214" count="7" type="stmt"/>
      <line num="216" count="7" type="stmt"/>
      <line num="217" count="7000" type="stmt"/>
      <line num="218" count="7000" type="stmt"/>
      <line num="219" count="7000" type="stmt"/>
      <line num="221" count="7000" type="stmt"/>
      <line num="222" count="375000" type="stmt"/>
      <line num="225" count="375000" type="stmt"/>
      <line num="226" count="375000" type="stmt"/>
      <line num="227" count="375000" type="cond" truecount="2" falsecount="0"/>
      <line num="228" count="55000" type="stmt"/>
      <line num="229" count="55000" type="stmt"/>
      <line num="230" count="55000" type="stmt"/>
      <line num="233" count="375000" type="stmt"/>
      <line num="235" count="375000" type="cond" truecount="2" falsecount="0"/>
      <line num="237" count="200000" type="stmt"/>
      <line num="242" count="175000" type="stmt"/>
      <line num="243" count="175000" type="cond" truecount="2" falsecount="0"/>
      <line num="244" count="25000" type="cond" truecount="2" falsecount="0"/>
      <line num="245" count="10000" type="stmt"/>
      <line num="246" count="15000" type="cond" truecount="2" falsecount="0"/>
      <line num="248" count="10000" type="stmt"/>
      <line num="251" count="5000" type="stmt"/>
      <line num="255" count="175000" type="stmt"/>
      <line num="257" count="175000" type="cond" truecount="1" falsecount="1"/>
      <line num="259" count="0" type="cond" truecount="0" falsecount="2"/>
      <line num="260" count="0" type="stmt"/>
      <line num="261" count="0" type="cond" truecount="0" falsecount="2"/>
      <line num="262" count="0" type="stmt"/>
      <line num="264" count="175000" type="cond" truecount="2" falsecount="0"/>
      <line num="266" count="50000" type="stmt"/>
      <line num="267" count="50000" type="cond" truecount="1" falsecount="1"/>
      <line num="268" count="50000" type="cond" truecount="1" falsecount="1"/>
      <line num="269" count="50000" type="stmt"/>
      <line num="270" count="50000" type="stmt"/>
      <line num="272" count="0" type="stmt"/>
      <line num="274" count="125000" type="cond" truecount="1" falsecount="1"/>
      <line num="276" count="0" type="cond" truecount="0" falsecount="2"/>
      <line num="278" count="0" type="stmt"/>
      <line num="279" count="0" type="stmt"/>
      <line num="280" count="0" type="stmt"/>
      <line num="283" count="0" type="stmt"/>
      <line num="285" count="0" type="stmt"/>
      <line num="289" count="175000" type="stmt"/>
      <line num="292" count="175000" type="stmt"/>
      <line num="293" count="175000" type="stmt"/>
      <line num="296" count="375000" type="stmt"/>
      <line num="301" count="7" type="stmt"/>
      <line num="302" count="7" type="stmt"/>
      <line num="303" count="7" type="stmt"/>
      <line num="304" count="7" type="stmt"/>
      <line num="306" count="7" type="stmt"/>
      <line num="307" count="375" type="stmt"/>
      <line num="308" count="3212079" type="stmt"/>
      <line num="310" count="375" type="stmt"/>
      <line num="311" count="375" type="stmt"/>
      <line num="312" count="375" type="stmt"/>
      <line num="316" count="375" type="stmt"/>
      <line num="317" count="375" type="stmt"/>
      <line num="318" count="375" type="stmt"/>
      <line num="320" count="375" type="stmt"/>
      <line num="321" count="382" type="stmt"/>
      <line num="323" count="382" type="cond" truecount="2" falsecount="0"/>
      <line num="324" count="182" type="cond" truecount="4" falsecount="0"/>
      <line num="325" count="182" type="cond" truecount="4" falsecount="0"/>
      <line num="326" count="182" type="cond" truecount="4" falsecount="0"/>
      <line num="330" count="7" type="stmt"/>
      <line num="374" count="0" type="stmt"/>
      <line num="375" count="0" type="stmt"/>
      <line num="378" count="0" type="stmt"/>
      <line num="379" count="0" type="stmt"/>
      <line num="380" count="0" type="stmt"/>
      <line num="384" count="0" type="stmt"/>
      <line num="385" count="0" type="stmt"/>
      <line num="386" count="0" type="stmt"/>
      <line num="390" count="0" type="stmt"/>
      <line num="391" count="0" type="stmt"/>
      <line num="392" count="0" type="stmt"/>
      <line num="394" count="0" type="stmt"/>
      <line num="396" count="0" type="stmt"/>
      <line num="397" count="0" type="cond" truecount="0" falsecount="2"/>
      <line num="398" count="0" type="stmt"/>
      <line num="399" count="0" type="stmt"/>
      <line num="403" count="0" type="stmt"/>
      <line num="406" count="0" type="cond" truecount="0" falsecount="2"/>
      <line num="407" count="0" type="stmt"/>
      <line num="408" count="0" type="cond" truecount="0" falsecount="2"/>
      <line num="409" count="0" type="stmt"/>
      <line num="411" count="0" type="stmt"/>
      <line num="414" count="0" type="stmt"/>
      <line num="419" count="0" type="stmt"/>
      <line num="420" count="0" type="stmt"/>
      <line num="421" count="0" type="cond" truecount="0" falsecount="2"/>
      <line num="424" count="0" type="stmt"/>
      <line num="425" count="0" type="cond" truecount="0" falsecount="2"/>
      <line num="426" count="0" type="stmt"/>
      <line num="429" count="0" type="stmt"/>
      <line num="432" count="0" type="stmt"/>
      <line num="447" count="1" type="stmt"/>
      <line num="491" count="1" type="stmt"/>
      <line num="500" count="10" type="stmt"/>
      <line num="501" count="10" type="stmt"/>
      <line num="503" count="10" type="stmt"/>
      <line num="504" count="10" type="stmt"/>
      <line num="505" count="10" type="stmt"/>
      <line num="508" count="10" type="stmt"/>
      <line num="509" count="10" type="stmt"/>
      <line num="512" count="10" type="stmt"/>
      <line num="514" count="10" type="stmt"/>
      <line num="515" count="1200" type="cond" truecount="2" falsecount="0"/>
      <line num="516" count="357" type="cond" truecount="2" falsecount="0"/>
      <line num="517" count="5" type="stmt"/>
      <line num="518" count="5" type="stmt"/>
      <line num="520" count="357" type="stmt"/>
      <line num="521" count="357" type="stmt"/>
      <line num="527" count="357" type="stmt"/>
      <line num="530" count="843" type="stmt"/>
      <line num="533" count="843" type="stmt"/>
      <line num="534" count="4215" type="stmt"/>
      <line num="537" count="843" type="stmt"/>
      <line num="538" count="843" type="stmt"/>
      <line num="539" count="843" type="stmt"/>
      <line num="540" count="843" type="stmt"/>
      <line num="541" count="843" type="stmt"/>
      <line num="545" count="843" type="stmt"/>
      <line num="552" count="843" type="stmt"/>
      <line num="555" count="843" type="cond" truecount="2" falsecount="0"/>
      <line num="556" count="112" type="stmt"/>
      <line num="557" count="112" type="stmt"/>
      <line num="558" count="112" type="cond" truecount="1" falsecount="1"/>
      <line num="559" count="0" type="stmt"/>
      <line num="561" count="112" type="stmt"/>
      <line num="565" count="843" type="cond" truecount="2" falsecount="0"/>
      <line num="566" count="120" type="cond" truecount="1" falsecount="1"/>
      <line num="567" count="0" type="stmt"/>
      <line num="568" count="120" type="cond" truecount="1" falsecount="1"/>
      <line num="569" count="120" type="stmt"/>
      <line num="574" count="843" type="stmt"/>
      <line num="577" count="843" type="stmt"/>
      <line num="579" count="843" type="stmt"/>
      <line num="587" count="1200" type="stmt"/>
    </file>
    <file name="scenario.ts" path="/Users/russlecheng/Documents/Opensource/AI-Portfolio/src/utils/scenario.ts">
      <metrics statements="27" coveredstatements="25" conditionals="8" coveredconditionals="7" methods="6" coveredmethods="6"/>
      <line num="7" count="1" type="stmt"/>
      <line num="8" count="6" type="stmt"/>
      <line num="15" count="6" type="stmt"/>
      <line num="22" count="1" type="stmt"/>
      <line num="23" count="4" type="stmt"/>
      <line num="28" count="4" type="stmt"/>
      <line num="35" count="1" type="cond" truecount="1" falsecount="0"/>
      <line num="36" count="5" type="stmt"/>
      <line num="37" count="5" type="stmt"/>
      <line num="42" count="5" type="stmt"/>
      <line num="49" count="1" type="stmt"/>
      <line num="50" count="5" type="stmt"/>
      <line num="57" count="1" type="stmt"/>
      <line num="58" count="15" type="stmt"/>
      <line num="59" count="15" type="stmt"/>
      <line num="61" count="15" type="cond" truecount="1" falsecount="1"/>
      <line num="62" count="15" type="stmt"/>
      <line num="67" count="0" type="stmt"/>
      <line num="68" count="0" type="stmt"/>
      <line num="71" count="15" type="stmt"/>
      <line num="80" count="1" type="stmt"/>
      <line num="84" count="7" type="cond" truecount="5" falsecount="0"/>
      <line num="86" count="2" type="stmt"/>
      <line num="91" count="1" type="stmt"/>
      <line num="96" count="1" type="stmt"/>
      <line num="101" count="2" type="stmt"/>
      <line num="106" count="1" type="stmt"/>
    </file>
    <file name="stressTest.ts" path="/Users/russlecheng/Documents/Opensource/AI-Portfolio/src/utils/stressTest.ts">
      <metrics statements="28" coveredstatements="28" conditionals="28" coveredconditionals="22" methods="3" coveredmethods="3"/>
      <line num="23" count="1" type="stmt"/>
      <line num="71" count="23" type="stmt"/>
      <line num="72" count="23" type="stmt"/>
      <line num="75" count="23" type="stmt"/>
      <line num="78" count="23" type="cond" truecount="2" falsecount="0"/>
      <line num="79" count="1" type="stmt"/>
      <line num="94" count="22" type="stmt"/>
      <line num="102" count="22" type="cond" truecount="2" falsecount="0"/>
      <line num="106" count="23" type="stmt"/>
      <line num="107" count="23" type="stmt"/>
      <line num="108" count="23" type="stmt"/>
      <line num="109" count="23" type="stmt"/>
      <line num="110" count="23" type="stmt"/>
      <line num="111" count="23" type="stmt"/>
      <line num="113" count="23" type="stmt"/>
      <line num="115" count="198" type="cond" truecount="1" falsecount="1"/>
      <line num="121" count="198" type="cond" truecount="2" falsecount="0"/>
      <line num="123" count="37" type="stmt"/>
      <line num="126" count="161" type="stmt"/>
      <line num="129" count="198" type="stmt"/>
      <line num="131" count="198" type="cond" truecount="2" falsecount="0"/>
      <line num="132" count="198" type="cond" truecount="1" falsecount="1"/>
      <line num="133" count="198" type="cond" truecount="2" falsecount="0"/>
      <line num="135" count="198" type="cond" truecount="4" falsecount="0"/>
      <line num="136" count="4" type="stmt"/>
      <line num="140" count="22" type="stmt"/>
      <line num="161" count="3" type="stmt"/>
      <line num="162" count="9" type="stmt"/>
    </file>
  </project>
</coverage>
