{"/Users/russlecheng/Documents/Opensource/AI-Portfolio/src/utils/backtest.ts": {"path":"/Users/russlecheng/Documents/Opensource/AI-Portfolio/src/utils/backtest.ts","statementMap":{"0":{"start":{"line":51,"column":73},"end":{"line":188,"column":null}},"1":{"start":{"line":191,"column":29},"end":{"line":216,"column":null}},"2":{"start":{"line":221,"column":37},"end":{"line":288,"column":null}},"3":{"start":{"line":225,"column":2},"end":{"line":287,"column":null}},"4":{"start":{"line":226,"column":28},"end":{"line":226,"column":null}},"5":{"start":{"line":230,"column":22},"end":{"line":230,"column":null}},"6":{"start":{"line":231,"column":21},"end":{"line":231,"column":null}},"7":{"start":{"line":233,"column":23},"end":{"line":233,"column":null}},"8":{"start":{"line":234,"column":20},"end":{"line":234,"column":null}},"9":{"start":{"line":234,"column":37},"end":{"line":234,"column":57}},"10":{"start":{"line":236,"column":16},"end":{"line":236,"column":null}},"11":{"start":{"line":237,"column":4},"end":{"line":237,"column":null}},"12":{"start":{"line":239,"column":4},"end":{"line":239,"column":null}},"13":{"start":{"line":239,"column":17},"end":{"line":239,"column":null}},"14":{"start":{"line":241,"column":17},"end":{"line":241,"column":null}},"15":{"start":{"line":242,"column":4},"end":{"line":242,"column":null}},"16":{"start":{"line":242,"column":33},"end":{"line":242,"column":null}},"17":{"start":{"line":244,"column":21},"end":{"line":244,"column":null}},"18":{"start":{"line":245,"column":4},"end":{"line":245,"column":null}},"19":{"start":{"line":245,"column":39},"end":{"line":245,"column":null}},"20":{"start":{"line":247,"column":19},"end":{"line":247,"column":null}},"21":{"start":{"line":248,"column":33},"end":{"line":248,"column":null}},"22":{"start":{"line":249,"column":43},"end":{"line":249,"column":null}},"23":{"start":{"line":251,"column":46},"end":{"line":251,"column":null}},"24":{"start":{"line":252,"column":25},"end":{"line":252,"column":null}},"25":{"start":{"line":254,"column":4},"end":{"line":268,"column":null}},"26":{"start":{"line":254,"column":17},"end":{"line":254,"column":20}},"27":{"start":{"line":255,"column":22},"end":{"line":255,"column":null}},"28":{"start":{"line":256,"column":19},"end":{"line":256,"column":null}},"29":{"start":{"line":257,"column":20},"end":{"line":257,"column":null}},"30":{"start":{"line":258,"column":22},"end":{"line":258,"column":null}},"31":{"start":{"line":260,"column":20},"end":{"line":260,"column":null}},"32":{"start":{"line":261,"column":6},"end":{"line":267,"column":null}},"33":{"start":{"line":262,"column":8},"end":{"line":262,"column":null}},"34":{"start":{"line":263,"column":8},"end":{"line":263,"column":null}},"35":{"start":{"line":264,"column":13},"end":{"line":267,"column":null}},"36":{"start":{"line":266,"column":8},"end":{"line":266,"column":null}},"37":{"start":{"line":270,"column":4},"end":{"line":272,"column":null}},"38":{"start":{"line":271,"column":6},"end":{"line":271,"column":null}},"39":{"start":{"line":274,"column":4},"end":{"line":274,"column":null}},"40":{"start":{"line":276,"column":4},"end":{"line":276,"column":null}},"41":{"start":{"line":278,"column":18},"end":{"line":278,"column":null}},"42":{"start":{"line":279,"column":4},"end":{"line":281,"column":null}},"43":{"start":{"line":280,"column":6},"end":{"line":280,"column":null}},"44":{"start":{"line":283,"column":4},"end":{"line":285,"column":null}},"45":{"start":{"line":284,"column":6},"end":{"line":284,"column":null}},"46":{"start":{"line":286,"column":4},"end":{"line":286,"column":null}},"47":{"start":{"line":293,"column":6},"end":{"line":359,"column":null}},"48":{"start":{"line":298,"column":21},"end":{"line":298,"column":null}},"49":{"start":{"line":299,"column":24},"end":{"line":299,"column":null}},"50":{"start":{"line":302,"column":27},"end":{"line":302,"column":null}},"51":{"start":{"line":305,"column":35},"end":{"line":305,"column":null}},"52":{"start":{"line":306,"column":2},"end":{"line":312,"column":null}},"53":{"start":{"line":306,"column":15},"end":{"line":306,"column":18}},"54":{"start":{"line":307,"column":20},"end":{"line":307,"column":null}},"55":{"start":{"line":309,"column":28},"end":{"line":309,"column":null}},"56":{"start":{"line":310,"column":22},"end":{"line":310,"column":null}},"57":{"start":{"line":311,"column":4},"end":{"line":311,"column":null}},"58":{"start":{"line":315,"column":13},"end":{"line":315,"column":null}},"59":{"start":{"line":316,"column":2},"end":{"line":323,"column":null}},"60":{"start":{"line":317,"column":18},"end":{"line":317,"column":null}},"61":{"start":{"line":318,"column":4},"end":{"line":320,"column":null}},"62":{"start":{"line":319,"column":6},"end":{"line":319,"column":null}},"63":{"start":{"line":321,"column":23},"end":{"line":321,"column":null}},"64":{"start":{"line":322,"column":4},"end":{"line":322,"column":null}},"65":{"start":{"line":326,"column":20},"end":{"line":326,"column":null}},"66":{"start":{"line":327,"column":13},"end":{"line":327,"column":null}},"67":{"start":{"line":328,"column":2},"end":{"line":336,"column":null}},"68":{"start":{"line":329,"column":4},"end":{"line":331,"column":null}},"69":{"start":{"line":330,"column":6},"end":{"line":330,"column":null}},"70":{"start":{"line":332,"column":15},"end":{"line":332,"column":null}},"71":{"start":{"line":333,"column":4},"end":{"line":335,"column":null}},"72":{"start":{"line":334,"column":6},"end":{"line":334,"column":null}},"73":{"start":{"line":339,"column":19},"end":{"line":339,"column":null}},"74":{"start":{"line":340,"column":2},"end":{"line":344,"column":null}},"75":{"start":{"line":341,"column":17},"end":{"line":341,"column":null}},"76":{"start":{"line":341,"column":51},"end":{"line":341,"column":60}},"77":{"start":{"line":342,"column":21},"end":{"line":342,"column":null}},"78":{"start":{"line":342,"column":55},"end":{"line":342,"column":84}},"79":{"start":{"line":343,"column":4},"end":{"line":343,"column":null}},"80":{"start":{"line":347,"column":13},"end":{"line":347,"column":null}},"81":{"start":{"line":348,"column":22},"end":{"line":348,"column":null}},"82":{"start":{"line":350,"column":2},"end":{"line":358,"column":null}},"83":{"start":{"line":364,"column":6},"end":{"line":440,"column":null}},"84":{"start":{"line":369,"column":23},"end":{"line":369,"column":null}},"85":{"start":{"line":369,"column":43},"end":{"line":369,"column":115}},"86":{"start":{"line":371,"column":2},"end":{"line":383,"column":null}},"87":{"start":{"line":372,"column":4},"end":{"line":382,"column":null}},"88":{"start":{"line":385,"column":8},"end":{"line":421,"column":null}},"89":{"start":{"line":388,"column":22},"end":{"line":388,"column":null}},"90":{"start":{"line":388,"column":45},"end":{"line":388,"column":72}},"91":{"start":{"line":389,"column":4},"end":{"line":389,"column":null}},"92":{"start":{"line":389,"column":26},"end":{"line":389,"column":null}},"93":{"start":{"line":391,"column":20},"end":{"line":391,"column":null}},"94":{"start":{"line":392,"column":4},"end":{"line":392,"column":null}},"95":{"start":{"line":392,"column":23},"end":{"line":392,"column":null}},"96":{"start":{"line":394,"column":17},"end":{"line":394,"column":null}},"97":{"start":{"line":397,"column":27},"end":{"line":397,"column":null}},"98":{"start":{"line":398,"column":4},"end":{"line":403,"column":null}},"99":{"start":{"line":398,"column":17},"end":{"line":398,"column":28}},"100":{"start":{"line":399,"column":25},"end":{"line":399,"column":null}},"101":{"start":{"line":400,"column":6},"end":{"line":402,"column":null}},"102":{"start":{"line":401,"column":8},"end":{"line":401,"column":null}},"103":{"start":{"line":405,"column":17},"end":{"line":405,"column":null}},"104":{"start":{"line":408,"column":19},"end":{"line":408,"column":null}},"105":{"start":{"line":409,"column":4},"end":{"line":415,"column":null}},"106":{"start":{"line":409,"column":17},"end":{"line":409,"column":32}},"107":{"start":{"line":410,"column":25},"end":{"line":410,"column":null}},"108":{"start":{"line":411,"column":6},"end":{"line":414,"column":null}},"109":{"start":{"line":412,"column":8},"end":{"line":412,"column":null}},"110":{"start":{"line":413,"column":8},"end":{"line":413,"column":null}},"111":{"start":{"line":417,"column":4},"end":{"line":420,"column":null}},"112":{"start":{"line":423,"column":18},"end":{"line":423,"column":null}},"113":{"start":{"line":424,"column":19},"end":{"line":424,"column":null}},"114":{"start":{"line":426,"column":20},"end":{"line":426,"column":null}},"115":{"start":{"line":427,"column":20},"end":{"line":427,"column":null}},"116":{"start":{"line":429,"column":2},"end":{"line":439,"column":null}},"117":{"start":{"line":456,"column":19},"end":{"line":461,"column":null}},"118":{"start":{"line":462,"column":17},"end":{"line":462,"column":null}},"119":{"start":{"line":463,"column":22},"end":{"line":463,"column":null}},"120":{"start":{"line":464,"column":26},"end":{"line":464,"column":null}},"121":{"start":{"line":466,"column":36},"end":{"line":466,"column":null}},"122":{"start":{"line":467,"column":36},"end":{"line":467,"column":null}},"123":{"start":{"line":469,"column":2},"end":{"line":514,"column":null}},"124":{"start":{"line":469,"column":15},"end":{"line":469,"column":18}},"125":{"start":{"line":470,"column":18},"end":{"line":470,"column":null}},"126":{"start":{"line":472,"column":16},"end":{"line":472,"column":null}},"127":{"start":{"line":473,"column":16},"end":{"line":473,"column":null}},"128":{"start":{"line":474,"column":18},"end":{"line":474,"column":null}},"129":{"start":{"line":475,"column":20},"end":{"line":475,"column":null}},"130":{"start":{"line":477,"column":4},"end":{"line":492,"column":null}},"131":{"start":{"line":478,"column":6},"end":{"line":478,"column":null}},"132":{"start":{"line":479,"column":6},"end":{"line":479,"column":null}},"133":{"start":{"line":480,"column":6},"end":{"line":480,"column":null}},"134":{"start":{"line":481,"column":6},"end":{"line":481,"column":null}},"135":{"start":{"line":482,"column":6},"end":{"line":482,"column":null}},"136":{"start":{"line":484,"column":6},"end":{"line":484,"column":null}},"137":{"start":{"line":486,"column":6},"end":{"line":486,"column":null}},"138":{"start":{"line":487,"column":6},"end":{"line":487,"column":null}},"139":{"start":{"line":488,"column":6},"end":{"line":488,"column":null}},"140":{"start":{"line":489,"column":6},"end":{"line":489,"column":null}},"141":{"start":{"line":491,"column":6},"end":{"line":491,"column":null}},"142":{"start":{"line":495,"column":7},"end":{"line":499,"column":null}},"143":{"start":{"line":501,"column":30},"end":{"line":501,"column":null}},"144":{"start":{"line":502,"column":31},"end":{"line":502,"column":null}},"145":{"start":{"line":504,"column":4},"end":{"line":510,"column":null}},"146":{"start":{"line":505,"column":6},"end":{"line":505,"column":null}},"147":{"start":{"line":506,"column":6},"end":{"line":506,"column":null}},"148":{"start":{"line":507,"column":6},"end":{"line":507,"column":null}},"149":{"start":{"line":508,"column":6},"end":{"line":508,"column":null}},"150":{"start":{"line":509,"column":6},"end":{"line":509,"column":null}},"151":{"start":{"line":512,"column":4},"end":{"line":512,"column":null}},"152":{"start":{"line":513,"column":4},"end":{"line":513,"column":null}},"153":{"start":{"line":516,"column":2},"end":{"line":516,"column":null}},"154":{"start":{"line":522,"column":27},"end":{"line":726,"column":null}},"155":{"start":{"line":532,"column":19},"end":{"line":532,"column":null}},"156":{"start":{"line":533,"column":19},"end":{"line":533,"column":null}},"157":{"start":{"line":534,"column":21},"end":{"line":534,"column":null}},"158":{"start":{"line":535,"column":23},"end":{"line":535,"column":null}},"159":{"start":{"line":538,"column":17},"end":{"line":538,"column":null}},"160":{"start":{"line":539,"column":17},"end":{"line":539,"column":null}},"161":{"start":{"line":540,"column":19},"end":{"line":540,"column":null}},"162":{"start":{"line":541,"column":21},"end":{"line":541,"column":null}},"163":{"start":{"line":544,"column":23},"end":{"line":546,"column":null}},"164":{"start":{"line":545,"column":17},"end":{"line":545,"column":85}},"165":{"start":{"line":548,"column":2},"end":{"line":550,"column":null}},"166":{"start":{"line":549,"column":4},"end":{"line":549,"column":null}},"167":{"start":{"line":553,"column":41},"end":{"line":553,"column":null}},"168":{"start":{"line":556,"column":19},"end":{"line":561,"column":null}},"169":{"start":{"line":562,"column":17},"end":{"line":562,"column":null}},"170":{"start":{"line":563,"column":24},"end":{"line":563,"column":null}},"171":{"start":{"line":566,"column":21},"end":{"line":571,"column":null}},"172":{"start":{"line":572,"column":19},"end":{"line":572,"column":null}},"173":{"start":{"line":575,"column":24},"end":{"line":575,"column":null}},"174":{"start":{"line":576,"column":26},"end":{"line":576,"column":null}},"175":{"start":{"line":579,"column":26},"end":{"line":579,"column":null}},"176":{"start":{"line":581,"column":2},"end":{"line":683,"column":null}},"177":{"start":{"line":581,"column":15},"end":{"line":581,"column":18}},"178":{"start":{"line":582,"column":18},"end":{"line":582,"column":null}},"179":{"start":{"line":584,"column":16},"end":{"line":584,"column":null}},"180":{"start":{"line":585,"column":16},"end":{"line":585,"column":null}},"181":{"start":{"line":586,"column":18},"end":{"line":586,"column":null}},"182":{"start":{"line":587,"column":20},"end":{"line":587,"column":null}},"183":{"start":{"line":590,"column":4},"end":{"line":633,"column":null}},"184":{"start":{"line":592,"column":6},"end":{"line":592,"column":null}},"185":{"start":{"line":593,"column":6},"end":{"line":593,"column":null}},"186":{"start":{"line":594,"column":6},"end":{"line":594,"column":null}},"187":{"start":{"line":595,"column":6},"end":{"line":595,"column":null}},"188":{"start":{"line":596,"column":6},"end":{"line":596,"column":null}},"189":{"start":{"line":598,"column":6},"end":{"line":604,"column":null}},"190":{"start":{"line":599,"column":8},"end":{"line":599,"column":null}},"191":{"start":{"line":600,"column":8},"end":{"line":600,"column":null}},"192":{"start":{"line":601,"column":8},"end":{"line":601,"column":null}},"193":{"start":{"line":602,"column":8},"end":{"line":602,"column":null}},"194":{"start":{"line":603,"column":8},"end":{"line":603,"column":null}},"195":{"start":{"line":607,"column":6},"end":{"line":607,"column":null}},"196":{"start":{"line":611,"column":6},"end":{"line":611,"column":null}},"197":{"start":{"line":614,"column":6},"end":{"line":614,"column":null}},"198":{"start":{"line":615,"column":6},"end":{"line":615,"column":null}},"199":{"start":{"line":616,"column":6},"end":{"line":616,"column":null}},"200":{"start":{"line":617,"column":6},"end":{"line":617,"column":null}},"201":{"start":{"line":620,"column":6},"end":{"line":620,"column":null}},"202":{"start":{"line":622,"column":6},"end":{"line":628,"column":null}},"203":{"start":{"line":623,"column":8},"end":{"line":623,"column":null}},"204":{"start":{"line":624,"column":8},"end":{"line":624,"column":null}},"205":{"start":{"line":625,"column":8},"end":{"line":625,"column":null}},"206":{"start":{"line":626,"column":8},"end":{"line":626,"column":null}},"207":{"start":{"line":627,"column":8},"end":{"line":627,"column":null}},"208":{"start":{"line":631,"column":6},"end":{"line":631,"column":null}},"209":{"start":{"line":632,"column":6},"end":{"line":632,"column":null}},"210":{"start":{"line":637,"column":7},"end":{"line":641,"column":null}},"211":{"start":{"line":643,"column":20},"end":{"line":643,"column":null}},"212":{"start":{"line":644,"column":4},"end":{"line":651,"column":null}},"213":{"start":{"line":645,"column":6},"end":{"line":650,"column":null}},"214":{"start":{"line":653,"column":19},"end":{"line":653,"column":null}},"215":{"start":{"line":656,"column":30},"end":{"line":656,"column":null}},"216":{"start":{"line":657,"column":31},"end":{"line":657,"column":null}},"217":{"start":{"line":659,"column":4},"end":{"line":674,"column":null}},"218":{"start":{"line":661,"column":6},"end":{"line":661,"column":null}},"219":{"start":{"line":662,"column":6},"end":{"line":662,"column":null}},"220":{"start":{"line":663,"column":6},"end":{"line":663,"column":null}},"221":{"start":{"line":664,"column":6},"end":{"line":664,"column":null}},"222":{"start":{"line":665,"column":6},"end":{"line":665,"column":null}},"223":{"start":{"line":667,"column":6},"end":{"line":673,"column":null}},"224":{"start":{"line":668,"column":8},"end":{"line":668,"column":null}},"225":{"start":{"line":669,"column":8},"end":{"line":669,"column":null}},"226":{"start":{"line":670,"column":8},"end":{"line":670,"column":null}},"227":{"start":{"line":671,"column":8},"end":{"line":671,"column":null}},"228":{"start":{"line":672,"column":8},"end":{"line":672,"column":null}},"229":{"start":{"line":676,"column":4},"end":{"line":682,"column":null}},"230":{"start":{"line":686,"column":26},"end":{"line":686,"column":null}},"231":{"start":{"line":686,"column":49},"end":{"line":686,"column":65}},"232":{"start":{"line":687,"column":26},"end":{"line":687,"column":null}},"233":{"start":{"line":687,"column":49},"end":{"line":687,"column":65}},"234":{"start":{"line":688,"column":25},"end":{"line":688,"column":null}},"235":{"start":{"line":688,"column":48},"end":{"line":688,"column":63}},"236":{"start":{"line":690,"column":27},"end":{"line":690,"column":null}},"237":{"start":{"line":691,"column":27},"end":{"line":691,"column":null}},"238":{"start":{"line":693,"column":24},"end":{"line":695,"column":null}},"239":{"start":{"line":694,"column":55},"end":{"line":694,"column":73}},"240":{"start":{"line":698,"column":24},"end":{"line":715,"column":null}},"241":{"start":{"line":700,"column":24},"end":{"line":700,"column":null}},"242":{"start":{"line":701,"column":4},"end":{"line":713,"column":null}},"243":{"start":{"line":702,"column":6},"end":{"line":712,"column":null}},"244":{"start":{"line":714,"column":4},"end":{"line":714,"column":null}},"245":{"start":{"line":717,"column":2},"end":{"line":725,"column":null}},"246":{"start":{"line":732,"column":16},"end":{"line":732,"column":null}},"247":{"start":{"line":733,"column":2},"end":{"line":733,"column":null}},"248":{"start":{"line":769,"column":19},"end":{"line":769,"column":null}},"249":{"start":{"line":770,"column":19},"end":{"line":770,"column":null}},"250":{"start":{"line":771,"column":21},"end":{"line":771,"column":null}},"251":{"start":{"line":772,"column":23},"end":{"line":772,"column":null}},"252":{"start":{"line":774,"column":17},"end":{"line":774,"column":null}},"253":{"start":{"line":775,"column":17},"end":{"line":775,"column":null}},"254":{"start":{"line":776,"column":19},"end":{"line":776,"column":null}},"255":{"start":{"line":777,"column":21},"end":{"line":777,"column":null}},"256":{"start":{"line":779,"column":23},"end":{"line":781,"column":null}},"257":{"start":{"line":780,"column":17},"end":{"line":780,"column":85}},"258":{"start":{"line":783,"column":2},"end":{"line":785,"column":null}},"259":{"start":{"line":784,"column":4},"end":{"line":784,"column":null}},"260":{"start":{"line":787,"column":48},"end":{"line":793,"column":null}},"261":{"start":{"line":795,"column":42},"end":{"line":795,"column":null}},"262":{"start":{"line":796,"column":37},"end":{"line":796,"column":null}},"263":{"start":{"line":797,"column":37},"end":{"line":797,"column":null}},"264":{"start":{"line":798,"column":25},"end":{"line":798,"column":null}},"265":{"start":{"line":800,"column":2},"end":{"line":825,"column":null}},"266":{"start":{"line":800,"column":15},"end":{"line":800,"column":18}},"267":{"start":{"line":801,"column":30},"end":{"line":801,"column":null}},"268":{"start":{"line":803,"column":22},"end":{"line":806,"column":null}},"269":{"start":{"line":808,"column":22},"end":{"line":811,"column":null}},"270":{"start":{"line":813,"column":4},"end":{"line":818,"column":null}},"271":{"start":{"line":820,"column":4},"end":{"line":820,"column":null}},"272":{"start":{"line":821,"column":4},"end":{"line":821,"column":null}},"273":{"start":{"line":822,"column":4},"end":{"line":824,"column":null}},"274":{"start":{"line":823,"column":6},"end":{"line":823,"column":null}},"275":{"start":{"line":827,"column":30},"end":{"line":827,"column":null}},"276":{"start":{"line":827,"column":67},"end":{"line":827,"column":72}},"277":{"start":{"line":828,"column":30},"end":{"line":828,"column":null}},"278":{"start":{"line":828,"column":67},"end":{"line":828,"column":72}},"279":{"start":{"line":830,"column":14},"end":{"line":830,"column":null}},"280":{"start":{"line":832,"column":2},"end":{"line":843,"column":null}}},"fnMap":{"0":{"name":"(anonymous_0)","decl":{"start":{"line":221,"column":37},"end":{"line":221,"column":null}},"loc":{"start":{"line":224,"column":45},"end":{"line":288,"column":null}},"line":224},"1":{"name":"(anonymous_1)","decl":{"start":{"line":234,"column":20},"end":{"line":234,"column":37}},"loc":{"start":{"line":234,"column":37},"end":{"line":234,"column":57}},"line":234},"2":{"name":"(anonymous_2)","decl":{"start":{"line":293,"column":6},"end":{"line":293,"column":null}},"loc":{"start":{"line":297,"column":25},"end":{"line":359,"column":null}},"line":297},"3":{"name":"(anonymous_3)","decl":{"start":{"line":341,"column":32},"end":{"line":341,"column":40}},"loc":{"start":{"line":341,"column":51},"end":{"line":341,"column":60}},"line":341},"4":{"name":"(anonymous_4)","decl":{"start":{"line":342,"column":36},"end":{"line":342,"column":44}},"loc":{"start":{"line":342,"column":55},"end":{"line":342,"column":84}},"line":342},"5":{"name":"(anonymous_5)","decl":{"start":{"line":364,"column":6},"end":{"line":364,"column":null}},"loc":{"start":{"line":367,"column":68},"end":{"line":440,"column":null}},"line":367},"6":{"name":"(anonymous_6)","decl":{"start":{"line":369,"column":31},"end":{"line":369,"column":38}},"loc":{"start":{"line":369,"column":43},"end":{"line":369,"column":115}},"line":369},"7":{"name":"(anonymous_7)","decl":{"start":{"line":385,"column":8},"end":{"line":385,"column":null}},"loc":{"start":{"line":387,"column":43},"end":{"line":421,"column":null}},"line":387},"8":{"name":"(anonymous_8)","decl":{"start":{"line":388,"column":30},"end":{"line":388,"column":40}},"loc":{"start":{"line":388,"column":45},"end":{"line":388,"column":72}},"line":388},"9":{"name":"simulateWindowFromPrices","decl":{"start":{"line":445,"column":9},"end":{"line":445,"column":null}},"loc":{"start":{"line":455,"column":22},"end":{"line":517,"column":null}},"line":455},"10":{"name":"(anonymous_10)","decl":{"start":{"line":522,"column":27},"end":{"line":522,"column":null}},"loc":{"start":{"line":530,"column":30},"end":{"line":726,"column":null}},"line":530},"11":{"name":"(anonymous_11)","decl":{"start":{"line":545,"column":5},"end":{"line":545,"column":12}},"loc":{"start":{"line":545,"column":17},"end":{"line":545,"column":85}},"line":545},"12":{"name":"(anonymous_12)","decl":{"start":{"line":686,"column":40},"end":{"line":686,"column":44}},"loc":{"start":{"line":686,"column":49},"end":{"line":686,"column":65}},"line":686},"13":{"name":"(anonymous_13)","decl":{"start":{"line":687,"column":40},"end":{"line":687,"column":44}},"loc":{"start":{"line":687,"column":49},"end":{"line":687,"column":65}},"line":687},"14":{"name":"(anonymous_14)","decl":{"start":{"line":688,"column":39},"end":{"line":688,"column":43}},"loc":{"start":{"line":688,"column":48},"end":{"line":688,"column":63}},"line":688},"15":{"name":"(anonymous_15)","decl":{"start":{"line":694,"column":46},"end":{"line":694,"column":50}},"loc":{"start":{"line":694,"column":55},"end":{"line":694,"column":73}},"line":694},"16":{"name":"(anonymous_16)","decl":{"start":{"line":698,"column":38},"end":{"line":698,"column":42}},"loc":{"start":{"line":698,"column":52},"end":{"line":715,"column":3}},"line":698},"17":{"name":"percentile","decl":{"start":{"line":731,"column":9},"end":{"line":731,"column":20}},"loc":{"start":{"line":731,"column":57},"end":{"line":734,"column":null}},"line":731},"18":{"name":"runRollingBacktest","decl":{"start":{"line":759,"column":22},"end":{"line":759,"column":null}},"loc":{"start":{"line":768,"column":34},"end":{"line":844,"column":null}},"line":768},"19":{"name":"(anonymous_19)","decl":{"start":{"line":780,"column":5},"end":{"line":780,"column":12}},"loc":{"start":{"line":780,"column":17},"end":{"line":780,"column":85}},"line":780},"20":{"name":"(anonymous_20)","decl":{"start":{"line":827,"column":52},"end":{"line":827,"column":58}},"loc":{"start":{"line":827,"column":67},"end":{"line":827,"column":72}},"line":827},"21":{"name":"(anonymous_21)","decl":{"start":{"line":828,"column":52},"end":{"line":828,"column":58}},"loc":{"start":{"line":828,"column":67},"end":{"line":828,"column":72}},"line":828}},"branchMap":{"0":{"loc":{"start":{"line":239,"column":4},"end":{"line":239,"column":null}},"type":"if","locations":[{"start":{"line":239,"column":4},"end":{"line":239,"column":null}},{"start":{},"end":{}}],"line":239},"1":{"loc":{"start":{"line":242,"column":4},"end":{"line":242,"column":null}},"type":"if","locations":[{"start":{"line":242,"column":4},"end":{"line":242,"column":null}},{"start":{},"end":{}}],"line":242},"2":{"loc":{"start":{"line":242,"column":8},"end":{"line":242,"column":33}},"type":"binary-expr","locations":[{"start":{"line":242,"column":8},"end":{"line":242,"column":17}},{"start":{"line":242,"column":17},"end":{"line":242,"column":33}}],"line":242},"3":{"loc":{"start":{"line":245,"column":4},"end":{"line":245,"column":null}},"type":"if","locations":[{"start":{"line":245,"column":4},"end":{"line":245,"column":null}},{"start":{},"end":{}}],"line":245},"4":{"loc":{"start":{"line":248,"column":33},"end":{"line":248,"column":null}},"type":"binary-expr","locations":[{"start":{"line":248,"column":33},"end":{"line":248,"column":53}},{"start":{"line":248,"column":53},"end":{"line":248,"column":null}}],"line":248},"5":{"loc":{"start":{"line":249,"column":43},"end":{"line":249,"column":null}},"type":"binary-expr","locations":[{"start":{"line":249,"column":43},"end":{"line":249,"column":83}},{"start":{"line":249,"column":83},"end":{"line":249,"column":null}}],"line":249},"6":{"loc":{"start":{"line":261,"column":6},"end":{"line":267,"column":null}},"type":"if","locations":[{"start":{"line":261,"column":6},"end":{"line":267,"column":null}},{"start":{"line":264,"column":13},"end":{"line":267,"column":null}}],"line":261},"7":{"loc":{"start":{"line":261,"column":10},"end":{"line":261,"column":55}},"type":"binary-expr","locations":[{"start":{"line":261,"column":10},"end":{"line":261,"column":28}},{"start":{"line":261,"column":28},"end":{"line":261,"column":55}}],"line":261},"8":{"loc":{"start":{"line":264,"column":13},"end":{"line":267,"column":null}},"type":"if","locations":[{"start":{"line":264,"column":13},"end":{"line":267,"column":null}},{"start":{},"end":{}}],"line":264},"9":{"loc":{"start":{"line":270,"column":4},"end":{"line":272,"column":null}},"type":"if","locations":[{"start":{"line":270,"column":4},"end":{"line":272,"column":null}},{"start":{},"end":{}}],"line":270},"10":{"loc":{"start":{"line":279,"column":4},"end":{"line":281,"column":null}},"type":"if","locations":[{"start":{"line":279,"column":4},"end":{"line":281,"column":null}},{"start":{},"end":{}}],"line":279},"11":{"loc":{"start":{"line":283,"column":4},"end":{"line":285,"column":null}},"type":"if","locations":[{"start":{"line":283,"column":4},"end":{"line":285,"column":null}},{"start":{},"end":{}}],"line":283},"12":{"loc":{"start":{"line":283,"column":8},"end":{"line":283,"column":72}},"type":"binary-expr","locations":[{"start":{"line":283,"column":8},"end":{"line":283,"column":31}},{"start":{"line":283,"column":31},"end":{"line":283,"column":72}}],"line":283},"13":{"loc":{"start":{"line":302,"column":27},"end":{"line":302,"column":null}},"type":"cond-expr","locations":[{"start":{"line":302,"column":43},"end":{"line":302,"column":102}},{"start":{"line":302,"column":102},"end":{"line":302,"column":null}}],"line":302},"14":{"loc":{"start":{"line":310,"column":22},"end":{"line":310,"column":null}},"type":"cond-expr","locations":[{"start":{"line":310,"column":32},"end":{"line":310,"column":88}},{"start":{"line":310,"column":88},"end":{"line":310,"column":null}}],"line":310},"15":{"loc":{"start":{"line":316,"column":2},"end":{"line":323,"column":null}},"type":"if","locations":[{"start":{"line":316,"column":2},"end":{"line":323,"column":null}},{"start":{},"end":{}}],"line":316},"16":{"loc":{"start":{"line":329,"column":4},"end":{"line":331,"column":null}},"type":"if","locations":[{"start":{"line":329,"column":4},"end":{"line":331,"column":null}},{"start":{},"end":{}}],"line":329},"17":{"loc":{"start":{"line":332,"column":15},"end":{"line":332,"column":null}},"type":"cond-expr","locations":[{"start":{"line":332,"column":22},"end":{"line":332,"column":54}},{"start":{"line":332,"column":54},"end":{"line":332,"column":null}}],"line":332},"18":{"loc":{"start":{"line":333,"column":4},"end":{"line":335,"column":null}},"type":"if","locations":[{"start":{"line":333,"column":4},"end":{"line":335,"column":null}},{"start":{},"end":{}}],"line":333},"19":{"loc":{"start":{"line":340,"column":2},"end":{"line":344,"column":null}},"type":"if","locations":[{"start":{"line":340,"column":2},"end":{"line":344,"column":null}},{"start":{},"end":{}}],"line":340},"20":{"loc":{"start":{"line":348,"column":22},"end":{"line":348,"column":null}},"type":"cond-expr","locations":[{"start":{"line":348,"column":35},"end":{"line":348,"column":66}},{"start":{"line":348,"column":66},"end":{"line":348,"column":null}}],"line":348},"21":{"loc":{"start":{"line":369,"column":43},"end":{"line":369,"column":115}},"type":"binary-expr","locations":[{"start":{"line":369,"column":43},"end":{"line":369,"column":73}},{"start":{"line":369,"column":73},"end":{"line":369,"column":115}}],"line":369},"22":{"loc":{"start":{"line":371,"column":2},"end":{"line":383,"column":null}},"type":"if","locations":[{"start":{"line":371,"column":2},"end":{"line":383,"column":null}},{"start":{},"end":{}}],"line":371},"23":{"loc":{"start":{"line":389,"column":4},"end":{"line":389,"column":null}},"type":"if","locations":[{"start":{"line":389,"column":4},"end":{"line":389,"column":null}},{"start":{},"end":{}}],"line":389},"24":{"loc":{"start":{"line":391,"column":20},"end":{"line":391,"column":null}},"type":"binary-expr","locations":[{"start":{"line":391,"column":20},"end":{"line":391,"column":47}},{"start":{"line":391,"column":47},"end":{"line":391,"column":null}}],"line":391},"25":{"loc":{"start":{"line":392,"column":4},"end":{"line":392,"column":null}},"type":"if","locations":[{"start":{"line":392,"column":4},"end":{"line":392,"column":null}},{"start":{},"end":{}}],"line":392},"26":{"loc":{"start":{"line":399,"column":25},"end":{"line":399,"column":null}},"type":"binary-expr","locations":[{"start":{"line":399,"column":25},"end":{"line":399,"column":44}},{"start":{"line":399,"column":44},"end":{"line":399,"column":null}}],"line":399},"27":{"loc":{"start":{"line":400,"column":6},"end":{"line":402,"column":null}},"type":"if","locations":[{"start":{"line":400,"column":6},"end":{"line":402,"column":null}},{"start":{},"end":{}}],"line":400},"28":{"loc":{"start":{"line":400,"column":10},"end":{"line":400,"column":49}},"type":"binary-expr","locations":[{"start":{"line":400,"column":10},"end":{"line":400,"column":33}},{"start":{"line":400,"column":33},"end":{"line":400,"column":49}}],"line":400},"29":{"loc":{"start":{"line":405,"column":17},"end":{"line":405,"column":null}},"type":"cond-expr","locations":[{"start":{"line":405,"column":27},"end":{"line":405,"column":70}},{"start":{"line":405,"column":70},"end":{"line":405,"column":null}}],"line":405},"30":{"loc":{"start":{"line":410,"column":25},"end":{"line":410,"column":null}},"type":"binary-expr","locations":[{"start":{"line":410,"column":25},"end":{"line":410,"column":44}},{"start":{"line":410,"column":44},"end":{"line":410,"column":null}}],"line":410},"31":{"loc":{"start":{"line":411,"column":6},"end":{"line":414,"column":null}},"type":"if","locations":[{"start":{"line":411,"column":6},"end":{"line":414,"column":null}},{"start":{},"end":{}}],"line":411},"32":{"loc":{"start":{"line":411,"column":10},"end":{"line":411,"column":51}},"type":"binary-expr","locations":[{"start":{"line":411,"column":10},"end":{"line":411,"column":35}},{"start":{"line":411,"column":35},"end":{"line":411,"column":51}}],"line":411},"33":{"loc":{"start":{"line":426,"column":20},"end":{"line":426,"column":null}},"type":"binary-expr","locations":[{"start":{"line":426,"column":20},"end":{"line":426,"column":42}},{"start":{"line":426,"column":42},"end":{"line":426,"column":null}}],"line":426},"34":{"loc":{"start":{"line":427,"column":20},"end":{"line":427,"column":null}},"type":"cond-expr","locations":[{"start":{"line":427,"column":32},"end":{"line":427,"column":69}},{"start":{"line":427,"column":69},"end":{"line":427,"column":null}}],"line":427},"35":{"loc":{"start":{"line":477,"column":4},"end":{"line":492,"column":null}},"type":"if","locations":[{"start":{"line":477,"column":4},"end":{"line":492,"column":null}},{"start":{"line":483,"column":11},"end":{"line":492,"column":null}}],"line":477},"36":{"loc":{"start":{"line":501,"column":30},"end":{"line":501,"column":null}},"type":"binary-expr","locations":[{"start":{"line":501,"column":30},"end":{"line":501,"column":60}},{"start":{"line":501,"column":60},"end":{"line":501,"column":69}},{"start":{"line":501,"column":69},"end":{"line":501,"column":null}}],"line":501},"37":{"loc":{"start":{"line":502,"column":31},"end":{"line":502,"column":null}},"type":"binary-expr","locations":[{"start":{"line":502,"column":31},"end":{"line":502,"column":62}},{"start":{"line":502,"column":62},"end":{"line":502,"column":null}}],"line":502},"38":{"loc":{"start":{"line":504,"column":4},"end":{"line":510,"column":null}},"type":"if","locations":[{"start":{"line":504,"column":4},"end":{"line":510,"column":null}},{"start":{},"end":{}}],"line":504},"39":{"loc":{"start":{"line":504,"column":8},"end":{"line":504,"column":49}},"type":"binary-expr","locations":[{"start":{"line":504,"column":8},"end":{"line":504,"column":29}},{"start":{"line":504,"column":29},"end":{"line":504,"column":49}}],"line":504},"40":{"loc":{"start":{"line":532,"column":19},"end":{"line":532,"column":null}},"type":"binary-expr","locations":[{"start":{"line":532,"column":19},"end":{"line":532,"column":75}},{"start":{"line":532,"column":75},"end":{"line":532,"column":null}}],"line":532},"41":{"loc":{"start":{"line":533,"column":19},"end":{"line":533,"column":null}},"type":"binary-expr","locations":[{"start":{"line":533,"column":19},"end":{"line":533,"column":75}},{"start":{"line":533,"column":75},"end":{"line":533,"column":null}}],"line":533},"42":{"loc":{"start":{"line":534,"column":21},"end":{"line":534,"column":null}},"type":"binary-expr","locations":[{"start":{"line":534,"column":21},"end":{"line":534,"column":73}},{"start":{"line":534,"column":73},"end":{"line":534,"column":null}}],"line":534},"43":{"loc":{"start":{"line":535,"column":23},"end":{"line":535,"column":null}},"type":"binary-expr","locations":[{"start":{"line":535,"column":23},"end":{"line":535,"column":77}},{"start":{"line":535,"column":77},"end":{"line":535,"column":null}}],"line":535},"44":{"loc":{"start":{"line":545,"column":17},"end":{"line":545,"column":85}},"type":"binary-expr","locations":[{"start":{"line":545,"column":17},"end":{"line":545,"column":39}},{"start":{"line":545,"column":39},"end":{"line":545,"column":63}},{"start":{"line":545,"column":63},"end":{"line":545,"column":85}}],"line":545},"45":{"loc":{"start":{"line":548,"column":2},"end":{"line":550,"column":null}},"type":"if","locations":[{"start":{"line":548,"column":2},"end":{"line":550,"column":null}},{"start":{},"end":{}}],"line":548},"46":{"loc":{"start":{"line":590,"column":4},"end":{"line":633,"column":null}},"type":"if","locations":[{"start":{"line":590,"column":4},"end":{"line":633,"column":null}},{"start":{"line":608,"column":11},"end":{"line":633,"column":null}}],"line":590},"47":{"loc":{"start":{"line":598,"column":6},"end":{"line":604,"column":null}},"type":"if","locations":[{"start":{"line":598,"column":6},"end":{"line":604,"column":null}},{"start":{},"end":{}}],"line":598},"48":{"loc":{"start":{"line":622,"column":6},"end":{"line":628,"column":null}},"type":"if","locations":[{"start":{"line":622,"column":6},"end":{"line":628,"column":null}},{"start":{},"end":{}}],"line":622},"49":{"loc":{"start":{"line":644,"column":4},"end":{"line":651,"column":null}},"type":"if","locations":[{"start":{"line":644,"column":4},"end":{"line":651,"column":null}},{"start":{},"end":{}}],"line":644},"50":{"loc":{"start":{"line":656,"column":30},"end":{"line":656,"column":null}},"type":"binary-expr","locations":[{"start":{"line":656,"column":30},"end":{"line":656,"column":60}},{"start":{"line":656,"column":60},"end":{"line":656,"column":69}},{"start":{"line":656,"column":69},"end":{"line":656,"column":null}}],"line":656},"51":{"loc":{"start":{"line":657,"column":31},"end":{"line":657,"column":null}},"type":"binary-expr","locations":[{"start":{"line":657,"column":31},"end":{"line":657,"column":62}},{"start":{"line":657,"column":62},"end":{"line":657,"column":null}}],"line":657},"52":{"loc":{"start":{"line":659,"column":4},"end":{"line":674,"column":null}},"type":"if","locations":[{"start":{"line":659,"column":4},"end":{"line":674,"column":null}},{"start":{},"end":{}}],"line":659},"53":{"loc":{"start":{"line":659,"column":8},"end":{"line":659,"column":49}},"type":"binary-expr","locations":[{"start":{"line":659,"column":8},"end":{"line":659,"column":29}},{"start":{"line":659,"column":29},"end":{"line":659,"column":49}}],"line":659},"54":{"loc":{"start":{"line":667,"column":6},"end":{"line":673,"column":null}},"type":"if","locations":[{"start":{"line":667,"column":6},"end":{"line":673,"column":null}},{"start":{},"end":{}}],"line":667},"55":{"loc":{"start":{"line":680,"column":19},"end":{"line":680,"column":null}},"type":"cond-expr","locations":[{"start":{"line":680,"column":38},"end":{"line":680,"column":62}},{"start":{"line":680,"column":62},"end":{"line":680,"column":null}}],"line":680},"56":{"loc":{"start":{"line":693,"column":24},"end":{"line":695,"column":null}},"type":"cond-expr","locations":[{"start":{"line":694,"column":6},"end":{"line":694,"column":null}},{"start":{"line":695,"column":6},"end":{"line":695,"column":null}}],"line":693},"57":{"loc":{"start":{"line":694,"column":55},"end":{"line":694,"column":73}},"type":"binary-expr","locations":[{"start":{"line":694,"column":55},"end":{"line":694,"column":72}},{"start":{"line":694,"column":72},"end":{"line":694,"column":73}}],"line":694},"58":{"loc":{"start":{"line":701,"column":4},"end":{"line":713,"column":null}},"type":"if","locations":[{"start":{"line":701,"column":4},"end":{"line":713,"column":null}},{"start":{},"end":{}}],"line":701},"59":{"loc":{"start":{"line":769,"column":19},"end":{"line":769,"column":null}},"type":"binary-expr","locations":[{"start":{"line":769,"column":19},"end":{"line":769,"column":75}},{"start":{"line":769,"column":75},"end":{"line":769,"column":null}}],"line":769},"60":{"loc":{"start":{"line":770,"column":19},"end":{"line":770,"column":null}},"type":"binary-expr","locations":[{"start":{"line":770,"column":19},"end":{"line":770,"column":75}},{"start":{"line":770,"column":75},"end":{"line":770,"column":null}}],"line":770},"61":{"loc":{"start":{"line":771,"column":21},"end":{"line":771,"column":null}},"type":"binary-expr","locations":[{"start":{"line":771,"column":21},"end":{"line":771,"column":73}},{"start":{"line":771,"column":73},"end":{"line":771,"column":null}}],"line":771},"62":{"loc":{"start":{"line":772,"column":23},"end":{"line":772,"column":null}},"type":"binary-expr","locations":[{"start":{"line":772,"column":23},"end":{"line":772,"column":77}},{"start":{"line":772,"column":77},"end":{"line":772,"column":null}}],"line":772},"63":{"loc":{"start":{"line":780,"column":17},"end":{"line":780,"column":85}},"type":"binary-expr","locations":[{"start":{"line":780,"column":17},"end":{"line":780,"column":39}},{"start":{"line":780,"column":39},"end":{"line":780,"column":63}},{"start":{"line":780,"column":63},"end":{"line":780,"column":85}}],"line":780},"64":{"loc":{"start":{"line":783,"column":2},"end":{"line":785,"column":null}},"type":"if","locations":[{"start":{"line":783,"column":2},"end":{"line":785,"column":null}},{"start":{},"end":{}}],"line":783},"65":{"loc":{"start":{"line":822,"column":4},"end":{"line":824,"column":null}},"type":"if","locations":[{"start":{"line":822,"column":4},"end":{"line":824,"column":null}},{"start":{},"end":{}}],"line":822}},"s":{"0":1,"1":1,"2":1,"3":33,"4":33,"5":33,"6":33,"7":33,"8":33,"9":0,"10":33,"11":0,"12":0,"13":0,"14":0,"15":0,"16":0,"17":0,"18":0,"19":0,"20":0,"21":0,"22":33,"23":33,"24":33,"25":33,"26":33,"27":0,"28":0,"29":0,"30":0,"31":0,"32":0,"33":0,"34":0,"35":0,"36":0,"37":0,"38":0,"39":0,"40":33,"41":33,"42":33,"43":31,"44":2,"45":1,"46":1,"47":1,"48":15,"49":15,"50":15,"51":15,"52":15,"53":15,"54":1860,"55":1860,"56":1860,"57":1860,"58":15,"59":15,"60":15,"61":15,"62":1860,"63":15,"64":15,"65":15,"66":15,"67":15,"68":1875,"69":942,"70":1875,"71":1875,"72":130,"73":15,"74":15,"75":15,"76":1860,"77":15,"78":1860,"79":15,"80":15,"81":15,"82":15,"83":1,"84":21,"85":2625,"86":21,"87":0,"88":21,"89":45,"90":2205,"91":45,"92":0,"93":45,"94":45,"95":0,"96":45,"97":45,"98":45,"99":45,"100":585,"101":585,"102":172,"103":45,"104":45,"105":45,"106":45,"107":398,"108":398,"109":45,"110":45,"111":45,"112":21,"113":21,"114":21,"115":21,"116":21,"117":0,"118":0,"119":0,"120":0,"121":0,"122":0,"123":0,"124":0,"125":0,"126":0,"127":0,"128":0,"129":0,"130":0,"131":0,"132":0,"133":0,"134":0,"135":0,"136":0,"137":0,"138":0,"139":0,"140":0,"141":0,"142":0,"143":0,"144":0,"145":0,"146":0,"147":0,"148":0,"149":0,"150":0,"151":0,"152":0,"153":0,"154":1,"155":7,"156":7,"157":7,"158":7,"159":7,"160":7,"161":7,"162":7,"163":7,"164":875,"165":7,"166":0,"167":7,"168":7,"169":7,"170":7,"171":7,"172":7,"173":7,"174":7,"175":7,"176":7,"177":7,"178":875,"179":875,"180":875,"181":875,"182":875,"183":875,"184":7,"185":7,"186":7,"187":7,"188":7,"189":7,"190":1,"191":1,"192":1,"193":1,"194":1,"195":7,"196":868,"197":868,"198":868,"199":868,"200":868,"201":868,"202":868,"203":124,"204":124,"205":124,"206":124,"207":124,"208":868,"209":868,"210":875,"211":875,"212":875,"213":125,"214":875,"215":875,"216":875,"217":875,"218":506,"219":506,"220":506,"221":506,"222":506,"223":506,"224":124,"225":124,"226":124,"227":124,"228":124,"229":875,"230":7,"231":875,"232":7,"233":875,"234":7,"235":875,"236":7,"237":7,"238":7,"239":125,"240":7,"241":21,"242":21,"243":0,"244":21,"245":7,"246":0,"247":0,"248":0,"249":0,"250":0,"251":0,"252":0,"253":0,"254":0,"255":0,"256":0,"257":0,"258":0,"259":0,"260":0,"261":0,"262":0,"263":0,"264":0,"265":0,"266":0,"267":0,"268":0,"269":0,"270":0,"271":0,"272":0,"273":0,"274":0,"275":0,"276":0,"277":0,"278":0,"279":0,"280":0},"f":{"0":33,"1":0,"2":15,"3":1860,"4":1860,"5":21,"6":2625,"7":45,"8":2205,"9":0,"10":7,"11":875,"12":875,"13":875,"14":875,"15":125,"16":21,"17":0,"18":0,"19":0,"20":0,"21":0},"b":{"0":[0,0],"1":[0,0],"2":[0,0],"3":[0,0],"4":[0,0],"5":[33,0],"6":[0,0],"7":[0,0],"8":[0,0],"9":[0,0],"10":[31,2],"11":[1,1],"12":[2,1],"13":[15,0],"14":[1860,0],"15":[15,0],"16":[942,933],"17":[1875,0],"18":[130,1745],"19":[15,0],"20":[15,0],"21":[2625,1617],"22":[0,21],"23":[0,45],"24":[45,0],"25":[0,45],"26":[585,0],"27":[172,413],"28":[585,172],"29":[45,0],"30":[398,0],"31":[45,353],"32":[398,45],"33":[21,21],"34":[3,18],"35":[0,0],"36":[0,0,0],"37":[0,0],"38":[0,0],"39":[0,0],"40":[7,0],"41":[7,0],"42":[7,0],"43":[7,0],"44":[875,875,875],"45":[0,7],"46":[7,868],"47":[1,6],"48":[124,744],"49":[125,750],"50":[875,125,124],"51":[875,500],"52":[506,369],"53":[875,865],"54":[124,382],"55":[125,750],"56":[1,6],"57":[125,0],"58":[0,21],"59":[0,0],"60":[0,0],"61":[0,0],"62":[0,0],"63":[0,0,0],"64":[0,0],"65":[0,0]},"meta":{"lastBranch":66,"lastFunction":22,"lastStatement":281,"seen":{"s:51:73:188:Infinity":0,"s:191:29:216:Infinity":1,"s:221:37:288:Infinity":2,"f:221:37:221:Infinity":0,"s:225:2:287:Infinity":3,"s:226:28:226:Infinity":4,"s:230:22:230:Infinity":5,"s:231:21:231:Infinity":6,"s:233:23:233:Infinity":7,"s:234:20:234:Infinity":8,"f:234:20:234:37":1,"s:234:37:234:57":9,"s:236:16:236:Infinity":10,"s:237:4:237:Infinity":11,"b:239:4:239:Infinity:undefined:undefined:undefined:undefined":0,"s:239:4:239:Infinity":12,"s:239:17:239:Infinity":13,"s:241:17:241:Infinity":14,"b:242:4:242:Infinity:undefined:undefined:undefined:undefined":1,"s:242:4:242:Infinity":15,"b:242:8:242:17:242:17:242:33":2,"s:242:33:242:Infinity":16,"s:244:21:244:Infinity":17,"b:245:4:245:Infinity:undefined:undefined:undefined:undefined":3,"s:245:4:245:Infinity":18,"s:245:39:245:Infinity":19,"s:247:19:247:Infinity":20,"s:248:33:248:Infinity":21,"b:248:33:248:53:248:53:248:Infinity":4,"s:249:43:249:Infinity":22,"b:249:43:249:83:249:83:249:Infinity":5,"s:251:46:251:Infinity":23,"s:252:25:252:Infinity":24,"s:254:4:268:Infinity":25,"s:254:17:254:20":26,"s:255:22:255:Infinity":27,"s:256:19:256:Infinity":28,"s:257:20:257:Infinity":29,"s:258:22:258:Infinity":30,"s:260:20:260:Infinity":31,"b:261:6:267:Infinity:264:13:267:Infinity":6,"s:261:6:267:Infinity":32,"b:261:10:261:28:261:28:261:55":7,"s:262:8:262:Infinity":33,"s:263:8:263:Infinity":34,"b:264:13:267:Infinity:undefined:undefined:undefined:undefined":8,"s:264:13:267:Infinity":35,"s:266:8:266:Infinity":36,"b:270:4:272:Infinity:undefined:undefined:undefined:undefined":9,"s:270:4:272:Infinity":37,"s:271:6:271:Infinity":38,"s:274:4:274:Infinity":39,"s:276:4:276:Infinity":40,"s:278:18:278:Infinity":41,"b:279:4:281:Infinity:undefined:undefined:undefined:undefined":10,"s:279:4:281:Infinity":42,"s:280:6:280:Infinity":43,"b:283:4:285:Infinity:undefined:undefined:undefined:undefined":11,"s:283:4:285:Infinity":44,"b:283:8:283:31:283:31:283:72":12,"s:284:6:284:Infinity":45,"s:286:4:286:Infinity":46,"s:293:6:359:Infinity":47,"f:293:6:293:Infinity":2,"s:298:21:298:Infinity":48,"s:299:24:299:Infinity":49,"s:302:27:302:Infinity":50,"b:302:43:302:102:302:102:302:Infinity":13,"s:305:35:305:Infinity":51,"s:306:2:312:Infinity":52,"s:306:15:306:18":53,"s:307:20:307:Infinity":54,"s:309:28:309:Infinity":55,"s:310:22:310:Infinity":56,"b:310:32:310:88:310:88:310:Infinity":14,"s:311:4:311:Infinity":57,"s:315:13:315:Infinity":58,"b:316:2:323:Infinity:undefined:undefined:undefined:undefined":15,"s:316:2:323:Infinity":59,"s:317:18:317:Infinity":60,"s:318:4:320:Infinity":61,"s:319:6:319:Infinity":62,"s:321:23:321:Infinity":63,"s:322:4:322:Infinity":64,"s:326:20:326:Infinity":65,"s:327:13:327:Infinity":66,"s:328:2:336:Infinity":67,"b:329:4:331:Infinity:undefined:undefined:undefined:undefined":16,"s:329:4:331:Infinity":68,"s:330:6:330:Infinity":69,"s:332:15:332:Infinity":70,"b:332:22:332:54:332:54:332:Infinity":17,"b:333:4:335:Infinity:undefined:undefined:undefined:undefined":18,"s:333:4:335:Infinity":71,"s:334:6:334:Infinity":72,"s:339:19:339:Infinity":73,"b:340:2:344:Infinity:undefined:undefined:undefined:undefined":19,"s:340:2:344:Infinity":74,"s:341:17:341:Infinity":75,"f:341:32:341:40":3,"s:341:51:341:60":76,"s:342:21:342:Infinity":77,"f:342:36:342:44":4,"s:342:55:342:84":78,"s:343:4:343:Infinity":79,"s:347:13:347:Infinity":80,"s:348:22:348:Infinity":81,"b:348:35:348:66:348:66:348:Infinity":20,"s:350:2:358:Infinity":82,"s:364:6:440:Infinity":83,"f:364:6:364:Infinity":5,"s:369:23:369:Infinity":84,"f:369:31:369:38":6,"s:369:43:369:115":85,"b:369:43:369:73:369:73:369:115":21,"b:371:2:383:Infinity:undefined:undefined:undefined:undefined":22,"s:371:2:383:Infinity":86,"s:372:4:382:Infinity":87,"s:385:8:421:Infinity":88,"f:385:8:385:Infinity":7,"s:388:22:388:Infinity":89,"f:388:30:388:40":8,"s:388:45:388:72":90,"b:389:4:389:Infinity:undefined:undefined:undefined:undefined":23,"s:389:4:389:Infinity":91,"s:389:26:389:Infinity":92,"s:391:20:391:Infinity":93,"b:391:20:391:47:391:47:391:Infinity":24,"b:392:4:392:Infinity:undefined:undefined:undefined:undefined":25,"s:392:4:392:Infinity":94,"s:392:23:392:Infinity":95,"s:394:17:394:Infinity":96,"s:397:27:397:Infinity":97,"s:398:4:403:Infinity":98,"s:398:17:398:28":99,"s:399:25:399:Infinity":100,"b:399:25:399:44:399:44:399:Infinity":26,"b:400:6:402:Infinity:undefined:undefined:undefined:undefined":27,"s:400:6:402:Infinity":101,"b:400:10:400:33:400:33:400:49":28,"s:401:8:401:Infinity":102,"s:405:17:405:Infinity":103,"b:405:27:405:70:405:70:405:Infinity":29,"s:408:19:408:Infinity":104,"s:409:4:415:Infinity":105,"s:409:17:409:32":106,"s:410:25:410:Infinity":107,"b:410:25:410:44:410:44:410:Infinity":30,"b:411:6:414:Infinity:undefined:undefined:undefined:undefined":31,"s:411:6:414:Infinity":108,"b:411:10:411:35:411:35:411:51":32,"s:412:8:412:Infinity":109,"s:413:8:413:Infinity":110,"s:417:4:420:Infinity":111,"s:423:18:423:Infinity":112,"s:424:19:424:Infinity":113,"s:426:20:426:Infinity":114,"b:426:20:426:42:426:42:426:Infinity":33,"s:427:20:427:Infinity":115,"b:427:32:427:69:427:69:427:Infinity":34,"s:429:2:439:Infinity":116,"f:445:9:445:Infinity":9,"s:456:19:461:Infinity":117,"s:462:17:462:Infinity":118,"s:463:22:463:Infinity":119,"s:464:26:464:Infinity":120,"s:466:36:466:Infinity":121,"s:467:36:467:Infinity":122,"s:469:2:514:Infinity":123,"s:469:15:469:18":124,"s:470:18:470:Infinity":125,"s:472:16:472:Infinity":126,"s:473:16:473:Infinity":127,"s:474:18:474:Infinity":128,"s:475:20:475:Infinity":129,"b:477:4:492:Infinity:483:11:492:Infinity":35,"s:477:4:492:Infinity":130,"s:478:6:478:Infinity":131,"s:479:6:479:Infinity":132,"s:480:6:480:Infinity":133,"s:481:6:481:Infinity":134,"s:482:6:482:Infinity":135,"s:484:6:484:Infinity":136,"s:486:6:486:Infinity":137,"s:487:6:487:Infinity":138,"s:488:6:488:Infinity":139,"s:489:6:489:Infinity":140,"s:491:6:491:Infinity":141,"s:495:7:499:Infinity":142,"s:501:30:501:Infinity":143,"b:501:30:501:60:501:60:501:69:501:69:501:Infinity":36,"s:502:31:502:Infinity":144,"b:502:31:502:62:502:62:502:Infinity":37,"b:504:4:510:Infinity:undefined:undefined:undefined:undefined":38,"s:504:4:510:Infinity":145,"b:504:8:504:29:504:29:504:49":39,"s:505:6:505:Infinity":146,"s:506:6:506:Infinity":147,"s:507:6:507:Infinity":148,"s:508:6:508:Infinity":149,"s:509:6:509:Infinity":150,"s:512:4:512:Infinity":151,"s:513:4:513:Infinity":152,"s:516:2:516:Infinity":153,"s:522:27:726:Infinity":154,"f:522:27:522:Infinity":10,"s:532:19:532:Infinity":155,"b:532:19:532:75:532:75:532:Infinity":40,"s:533:19:533:Infinity":156,"b:533:19:533:75:533:75:533:Infinity":41,"s:534:21:534:Infinity":157,"b:534:21:534:73:534:73:534:Infinity":42,"s:535:23:535:Infinity":158,"b:535:23:535:77:535:77:535:Infinity":43,"s:538:17:538:Infinity":159,"s:539:17:539:Infinity":160,"s:540:19:540:Infinity":161,"s:541:21:541:Infinity":162,"s:544:23:546:Infinity":163,"f:545:5:545:12":11,"s:545:17:545:85":164,"b:545:17:545:39:545:39:545:63:545:63:545:85":44,"b:548:2:550:Infinity:undefined:undefined:undefined:undefined":45,"s:548:2:550:Infinity":165,"s:549:4:549:Infinity":166,"s:553:41:553:Infinity":167,"s:556:19:561:Infinity":168,"s:562:17:562:Infinity":169,"s:563:24:563:Infinity":170,"s:566:21:571:Infinity":171,"s:572:19:572:Infinity":172,"s:575:24:575:Infinity":173,"s:576:26:576:Infinity":174,"s:579:26:579:Infinity":175,"s:581:2:683:Infinity":176,"s:581:15:581:18":177,"s:582:18:582:Infinity":178,"s:584:16:584:Infinity":179,"s:585:16:585:Infinity":180,"s:586:18:586:Infinity":181,"s:587:20:587:Infinity":182,"b:590:4:633:Infinity:608:11:633:Infinity":46,"s:590:4:633:Infinity":183,"s:592:6:592:Infinity":184,"s:593:6:593:Infinity":185,"s:594:6:594:Infinity":186,"s:595:6:595:Infinity":187,"s:596:6:596:Infinity":188,"b:598:6:604:Infinity:undefined:undefined:undefined:undefined":47,"s:598:6:604:Infinity":189,"s:599:8:599:Infinity":190,"s:600:8:600:Infinity":191,"s:601:8:601:Infinity":192,"s:602:8:602:Infinity":193,"s:603:8:603:Infinity":194,"s:607:6:607:Infinity":195,"s:611:6:611:Infinity":196,"s:614:6:614:Infinity":197,"s:615:6:615:Infinity":198,"s:616:6:616:Infinity":199,"s:617:6:617:Infinity":200,"s:620:6:620:Infinity":201,"b:622:6:628:Infinity:undefined:undefined:undefined:undefined":48,"s:622:6:628:Infinity":202,"s:623:8:623:Infinity":203,"s:624:8:624:Infinity":204,"s:625:8:625:Infinity":205,"s:626:8:626:Infinity":206,"s:627:8:627:Infinity":207,"s:631:6:631:Infinity":208,"s:632:6:632:Infinity":209,"s:637:7:641:Infinity":210,"s:643:20:643:Infinity":211,"b:644:4:651:Infinity:undefined:undefined:undefined:undefined":49,"s:644:4:651:Infinity":212,"s:645:6:650:Infinity":213,"s:653:19:653:Infinity":214,"s:656:30:656:Infinity":215,"b:656:30:656:60:656:60:656:69:656:69:656:Infinity":50,"s:657:31:657:Infinity":216,"b:657:31:657:62:657:62:657:Infinity":51,"b:659:4:674:Infinity:undefined:undefined:undefined:undefined":52,"s:659:4:674:Infinity":217,"b:659:8:659:29:659:29:659:49":53,"s:661:6:661:Infinity":218,"s:662:6:662:Infinity":219,"s:663:6:663:Infinity":220,"s:664:6:664:Infinity":221,"s:665:6:665:Infinity":222,"b:667:6:673:Infinity:undefined:undefined:undefined:undefined":54,"s:667:6:673:Infinity":223,"s:668:8:668:Infinity":224,"s:669:8:669:Infinity":225,"s:670:8:670:Infinity":226,"s:671:8:671:Infinity":227,"s:672:8:672:Infinity":228,"s:676:4:682:Infinity":229,"b:680:38:680:62:680:62:680:Infinity":55,"s:686:26:686:Infinity":230,"f:686:40:686:44":12,"s:686:49:686:65":231,"s:687:26:687:Infinity":232,"f:687:40:687:44":13,"s:687:49:687:65":233,"s:688:25:688:Infinity":234,"f:688:39:688:43":14,"s:688:48:688:63":235,"s:690:27:690:Infinity":236,"s:691:27:691:Infinity":237,"s:693:24:695:Infinity":238,"b:694:6:694:Infinity:695:6:695:Infinity":56,"f:694:46:694:50":15,"s:694:55:694:73":239,"b:694:55:694:72:694:72:694:73":57,"s:698:24:715:Infinity":240,"f:698:38:698:42":16,"s:700:24:700:Infinity":241,"b:701:4:713:Infinity:undefined:undefined:undefined:undefined":58,"s:701:4:713:Infinity":242,"s:702:6:712:Infinity":243,"s:714:4:714:Infinity":244,"s:717:2:725:Infinity":245,"f:731:9:731:20":17,"s:732:16:732:Infinity":246,"s:733:2:733:Infinity":247,"f:759:22:759:Infinity":18,"s:769:19:769:Infinity":248,"b:769:19:769:75:769:75:769:Infinity":59,"s:770:19:770:Infinity":249,"b:770:19:770:75:770:75:770:Infinity":60,"s:771:21:771:Infinity":250,"b:771:21:771:73:771:73:771:Infinity":61,"s:772:23:772:Infinity":251,"b:772:23:772:77:772:77:772:Infinity":62,"s:774:17:774:Infinity":252,"s:775:17:775:Infinity":253,"s:776:19:776:Infinity":254,"s:777:21:777:Infinity":255,"s:779:23:781:Infinity":256,"f:780:5:780:12":19,"s:780:17:780:85":257,"b:780:17:780:39:780:39:780:63:780:63:780:85":63,"b:783:2:785:Infinity:undefined:undefined:undefined:undefined":64,"s:783:2:785:Infinity":258,"s:784:4:784:Infinity":259,"s:787:48:793:Infinity":260,"s:795:42:795:Infinity":261,"s:796:37:796:Infinity":262,"s:797:37:797:Infinity":263,"s:798:25:798:Infinity":264,"s:800:2:825:Infinity":265,"s:800:15:800:18":266,"s:801:30:801:Infinity":267,"s:803:22:806:Infinity":268,"s:808:22:811:Infinity":269,"s:813:4:818:Infinity":270,"s:820:4:820:Infinity":271,"s:821:4:821:Infinity":272,"b:822:4:824:Infinity:undefined:undefined:undefined:undefined":65,"s:822:4:824:Infinity":273,"s:823:6:823:Infinity":274,"s:827:30:827:Infinity":275,"f:827:52:827:58":20,"s:827:67:827:72":276,"s:828:30:828:Infinity":277,"f:828:52:828:58":21,"s:828:67:828:72":278,"s:830:14:830:Infinity":279,"s:832:2:843:Infinity":280},"fnNames":{}}}
,"/Users/russlecheng/Documents/Opensource/AI-Portfolio/src/utils/formulas.ts": {"path":"/Users/russlecheng/Documents/Opensource/AI-Portfolio/src/utils/formulas.ts","statementMap":{"0":{"start":{"line":9,"column":38},"end":{"line":16,"column":null}},"1":{"start":{"line":22,"column":18},"end":{"line":22,"column":null}},"2":{"start":{"line":24,"column":2},"end":{"line":24,"column":null}},"3":{"start":{"line":24,"column":22},"end":{"line":24,"column":null}},"4":{"start":{"line":25,"column":2},"end":{"line":25,"column":null}},"5":{"start":{"line":25,"column":20},"end":{"line":25,"column":null}},"6":{"start":{"line":27,"column":2},"end":{"line":41,"column":null}},"7":{"start":{"line":27,"column":15},"end":{"line":27,"column":18}},"8":{"start":{"line":28,"column":18},"end":{"line":28,"column":null}},"9":{"start":{"line":29,"column":18},"end":{"line":29,"column":null}},"10":{"start":{"line":31,"column":4},"end":{"line":40,"column":null}},"11":{"start":{"line":32,"column":12},"end":{"line":32,"column":null}},"12":{"start":{"line":34,"column":6},"end":{"line":39,"column":null}},"13":{"start":{"line":43,"column":2},"end":{"line":43,"column":null}},"14":{"start":{"line":51,"column":2},"end":{"line":51,"column":null}},"15":{"start":{"line":51,"column":21},"end":{"line":51,"column":null}},"16":{"start":{"line":52,"column":2},"end":{"line":52,"column":null}},"17":{"start":{"line":64,"column":2},"end":{"line":64,"column":null}},"18":{"start":{"line":64,"column":40},"end":{"line":64,"column":null}},"19":{"start":{"line":67,"column":2},"end":{"line":69,"column":null}},"20":{"start":{"line":68,"column":4},"end":{"line":68,"column":null}},"21":{"start":{"line":71,"column":2},"end":{"line":71,"column":null}},"22":{"start":{"line":84,"column":2},"end":{"line":84,"column":null}},"23":{"start":{"line":84,"column":14},"end":{"line":84,"column":null}},"24":{"start":{"line":87,"column":2},"end":{"line":89,"column":null}},"25":{"start":{"line":88,"column":4},"end":{"line":88,"column":null}},"26":{"start":{"line":91,"column":21},"end":{"line":91,"column":null}},"27":{"start":{"line":92,"column":22},"end":{"line":92,"column":null}},"28":{"start":{"line":94,"column":2},"end":{"line":94,"column":null}},"29":{"start":{"line":102,"column":2},"end":{"line":102,"column":null}},"30":{"start":{"line":102,"column":14},"end":{"line":102,"column":null}},"31":{"start":{"line":103,"column":2},"end":{"line":103,"column":null}},"32":{"start":{"line":111,"column":2},"end":{"line":111,"column":null}},"33":{"start":{"line":139,"column":2},"end":{"line":139,"column":null}},"34":{"start":{"line":139,"column":34},"end":{"line":139,"column":null}},"35":{"start":{"line":141,"column":19},"end":{"line":141,"column":null}},"36":{"start":{"line":143,"column":2},"end":{"line":157,"column":null}},"37":{"start":{"line":144,"column":18},"end":{"line":144,"column":null}},"38":{"start":{"line":145,"column":25},"end":{"line":145,"column":null}},"39":{"start":{"line":146,"column":24},"end":{"line":146,"column":null}},"40":{"start":{"line":147,"column":25},"end":{"line":147,"column":null}},"41":{"start":{"line":149,"column":4},"end":{"line":156,"column":null}},"42":{"start":{"line":194,"column":21},"end":{"line":197,"column":null}},"43":{"start":{"line":196,"column":46},"end":{"line":196,"column":66}},"44":{"start":{"line":200,"column":22},"end":{"line":200,"column":null}},"45":{"start":{"line":201,"column":19},"end":{"line":215,"column":null}},"46":{"start":{"line":202,"column":19},"end":{"line":202,"column":null}},"47":{"start":{"line":203,"column":18},"end":{"line":203,"column":null}},"48":{"start":{"line":204,"column":21},"end":{"line":204,"column":null}},"49":{"start":{"line":207,"column":21},"end":{"line":209,"column":null}},"50":{"start":{"line":211,"column":21},"end":{"line":211,"column":null}},"51":{"start":{"line":212,"column":4},"end":{"line":212,"column":null}},"52":{"start":{"line":214,"column":4},"end":{"line":214,"column":null}},"53":{"start":{"line":218,"column":19},"end":{"line":218,"column":null}},"54":{"start":{"line":219,"column":33},"end":{"line":252,"column":null}},"55":{"start":{"line":220,"column":26},"end":{"line":220,"column":null}},"56":{"start":{"line":221,"column":27},"end":{"line":221,"column":null}},"57":{"start":{"line":222,"column":23},"end":{"line":222,"column":null}},"58":{"start":{"line":223,"column":30},"end":{"line":223,"column":null}},"59":{"start":{"line":225,"column":4},"end":{"line":227,"column":null}},"60":{"start":{"line":226,"column":6},"end":{"line":226,"column":null}},"61":{"start":{"line":230,"column":27},"end":{"line":230,"column":null}},"62":{"start":{"line":232,"column":27},"end":{"line":232,"column":null}},"63":{"start":{"line":235,"column":24},"end":{"line":235,"column":null}},"64":{"start":{"line":236,"column":25},"end":{"line":238,"column":null}},"65":{"start":{"line":240,"column":4},"end":{"line":251,"column":null}},"66":{"start":{"line":254,"column":2},"end":{"line":258,"column":null}},"67":{"start":{"line":274,"column":2},"end":{"line":276,"column":null}},"68":{"start":{"line":275,"column":4},"end":{"line":275,"column":null}},"69":{"start":{"line":279,"column":2},"end":{"line":285,"column":null}},"70":{"start":{"line":280,"column":19},"end":{"line":280,"column":null}},"71":{"start":{"line":281,"column":4},"end":{"line":284,"column":null}},"72":{"start":{"line":287,"column":17},"end":{"line":287,"column":null}},"73":{"start":{"line":288,"column":2},"end":{"line":291,"column":null}}},"fnMap":{"0":{"name":"getInterpolatedData","decl":{"start":{"line":21,"column":16},"end":{"line":21,"column":36}},"loc":{"start":{"line":21,"column":71},"end":{"line":44,"column":null}},"line":21},"1":{"name":"calculateTargetAsset","decl":{"start":{"line":50,"column":16},"end":{"line":50,"column":37}},"loc":{"start":{"line":50,"column":63},"end":{"line":53,"column":null}},"line":50},"2":{"name":"calculateTargetAssetAnnuity","decl":{"start":{"line":63,"column":16},"end":{"line":63,"column":44}},"loc":{"start":{"line":63,"column":105},"end":{"line":72,"column":null}},"line":63},"3":{"name":"calculateFutureValue","decl":{"start":{"line":83,"column":16},"end":{"line":83,"column":37}},"loc":{"start":{"line":83,"column":92},"end":{"line":95,"column":null}},"line":83},"4":{"name":"calculateTotalPrincipal","decl":{"start":{"line":101,"column":16},"end":{"line":101,"column":40}},"loc":{"start":{"line":101,"column":84},"end":{"line":104,"column":null}},"line":101},"5":{"name":"calculateMaxLoss","decl":{"start":{"line":110,"column":16},"end":{"line":110,"column":33}},"loc":{"start":{"line":110,"column":71},"end":{"line":112,"column":null}},"line":110},"6":{"name":"calculateOrders","decl":{"start":{"line":133,"column":16},"end":{"line":133,"column":null}},"loc":{"start":{"line":138,"column":15},"end":{"line":158,"column":null}},"line":138},"7":{"name":"(anonymous_7)","decl":{"start":{"line":143,"column":33},"end":{"line":143,"column":38}},"loc":{"start":{"line":143,"column":66},"end":{"line":157,"column":3}},"line":143},"8":{"name":"calculateRebalancing","decl":{"start":{"line":182,"column":16},"end":{"line":182,"column":null}},"loc":{"start":{"line":192,"column":2},"end":{"line":259,"column":null}},"line":192},"9":{"name":"(anonymous_9)","decl":{"start":{"line":196,"column":29},"end":{"line":196,"column":36}},"loc":{"start":{"line":196,"column":46},"end":{"line":196,"column":66}},"line":196},"10":{"name":"(anonymous_10)","decl":{"start":{"line":201,"column":30},"end":{"line":201,"column":34}},"loc":{"start":{"line":201,"column":44},"end":{"line":215,"column":3}},"line":201},"11":{"name":"(anonymous_11)","decl":{"start":{"line":219,"column":42},"end":{"line":219,"column":47}},"loc":{"start":{"line":219,"column":107},"end":{"line":252,"column":3}},"line":219},"12":{"name":"calculateSpendingForDieToZero","decl":{"start":{"line":269,"column":16},"end":{"line":269,"column":null}},"loc":{"start":{"line":273,"column":39},"end":{"line":292,"column":null}},"line":273}},"branchMap":{"0":{"loc":{"start":{"line":24,"column":2},"end":{"line":24,"column":null}},"type":"if","locations":[{"start":{"line":24,"column":2},"end":{"line":24,"column":null}},{"start":{},"end":{}}],"line":24},"1":{"loc":{"start":{"line":25,"column":2},"end":{"line":25,"column":null}},"type":"if","locations":[{"start":{"line":25,"column":2},"end":{"line":25,"column":null}},{"start":{},"end":{}}],"line":25},"2":{"loc":{"start":{"line":31,"column":4},"end":{"line":40,"column":null}},"type":"if","locations":[{"start":{"line":31,"column":4},"end":{"line":40,"column":null}},{"start":{},"end":{}}],"line":31},"3":{"loc":{"start":{"line":31,"column":8},"end":{"line":31,"column":72}},"type":"binary-expr","locations":[{"start":{"line":31,"column":8},"end":{"line":31,"column":41}},{"start":{"line":31,"column":41},"end":{"line":31,"column":72}}],"line":31},"4":{"loc":{"start":{"line":51,"column":2},"end":{"line":51,"column":null}},"type":"if","locations":[{"start":{"line":51,"column":2},"end":{"line":51,"column":null}},{"start":{},"end":{}}],"line":51},"5":{"loc":{"start":{"line":64,"column":2},"end":{"line":64,"column":null}},"type":"if","locations":[{"start":{"line":64,"column":2},"end":{"line":64,"column":null}},{"start":{},"end":{}}],"line":64},"6":{"loc":{"start":{"line":64,"column":6},"end":{"line":64,"column":40}},"type":"binary-expr","locations":[{"start":{"line":64,"column":6},"end":{"line":64,"column":28}},{"start":{"line":64,"column":28},"end":{"line":64,"column":40}}],"line":64},"7":{"loc":{"start":{"line":67,"column":2},"end":{"line":69,"column":null}},"type":"if","locations":[{"start":{"line":67,"column":2},"end":{"line":69,"column":null}},{"start":{},"end":{}}],"line":67},"8":{"loc":{"start":{"line":84,"column":2},"end":{"line":84,"column":null}},"type":"if","locations":[{"start":{"line":84,"column":2},"end":{"line":84,"column":null}},{"start":{},"end":{}}],"line":84},"9":{"loc":{"start":{"line":87,"column":2},"end":{"line":89,"column":null}},"type":"if","locations":[{"start":{"line":87,"column":2},"end":{"line":89,"column":null}},{"start":{},"end":{}}],"line":87},"10":{"loc":{"start":{"line":102,"column":2},"end":{"line":102,"column":null}},"type":"if","locations":[{"start":{"line":102,"column":2},"end":{"line":102,"column":null}},{"start":{},"end":{}}],"line":102},"11":{"loc":{"start":{"line":139,"column":2},"end":{"line":139,"column":null}},"type":"if","locations":[{"start":{"line":139,"column":2},"end":{"line":139,"column":null}},{"start":{},"end":{}}],"line":139},"12":{"loc":{"start":{"line":139,"column":6},"end":{"line":139,"column":34}},"type":"binary-expr","locations":[{"start":{"line":139,"column":6},"end":{"line":139,"column":21}},{"start":{"line":139,"column":21},"end":{"line":139,"column":34}}],"line":139},"13":{"loc":{"start":{"line":144,"column":18},"end":{"line":144,"column":null}},"type":"binary-expr","locations":[{"start":{"line":144,"column":18},"end":{"line":144,"column":36}},{"start":{"line":144,"column":36},"end":{"line":144,"column":null}}],"line":144},"14":{"loc":{"start":{"line":186,"column":2},"end":{"line":186,"column":null}},"type":"default-arg","locations":[{"start":{"line":186,"column":52},"end":{"line":186,"column":null}}],"line":186},"15":{"loc":{"start":{"line":187,"column":2},"end":{"line":187,"column":null}},"type":"default-arg","locations":[{"start":{"line":187,"column":25},"end":{"line":187,"column":null}}],"line":187},"16":{"loc":{"start":{"line":202,"column":19},"end":{"line":202,"column":null}},"type":"binary-expr","locations":[{"start":{"line":202,"column":19},"end":{"line":202,"column":39}},{"start":{"line":202,"column":39},"end":{"line":202,"column":null}}],"line":202},"17":{"loc":{"start":{"line":203,"column":18},"end":{"line":203,"column":null}},"type":"binary-expr","locations":[{"start":{"line":203,"column":18},"end":{"line":203,"column":36}},{"start":{"line":203,"column":36},"end":{"line":203,"column":null}}],"line":203},"18":{"loc":{"start":{"line":204,"column":21},"end":{"line":204,"column":null}},"type":"binary-expr","locations":[{"start":{"line":204,"column":21},"end":{"line":204,"column":43}},{"start":{"line":204,"column":43},"end":{"line":204,"column":null}}],"line":204},"19":{"loc":{"start":{"line":207,"column":21},"end":{"line":209,"column":null}},"type":"cond-expr","locations":[{"start":{"line":208,"column":9},"end":{"line":208,"column":null}},{"start":{"line":209,"column":8},"end":{"line":209,"column":null}}],"line":207},"20":{"loc":{"start":{"line":208,"column":9},"end":{"line":208,"column":null}},"type":"cond-expr","locations":[{"start":{"line":208,"column":28},"end":{"line":208,"column":51}},{"start":{"line":208,"column":51},"end":{"line":208,"column":null}}],"line":208},"21":{"loc":{"start":{"line":220,"column":26},"end":{"line":220,"column":null}},"type":"binary-expr","locations":[{"start":{"line":220,"column":26},"end":{"line":220,"column":45}},{"start":{"line":220,"column":45},"end":{"line":220,"column":null}}],"line":220},"22":{"loc":{"start":{"line":221,"column":27},"end":{"line":221,"column":null}},"type":"cond-expr","locations":[{"start":{"line":221,"column":47},"end":{"line":221,"column":74}},{"start":{"line":221,"column":74},"end":{"line":221,"column":null}}],"line":221},"23":{"loc":{"start":{"line":225,"column":4},"end":{"line":227,"column":null}},"type":"if","locations":[{"start":{"line":225,"column":4},"end":{"line":227,"column":null}},{"start":{},"end":{}}],"line":225},"24":{"loc":{"start":{"line":235,"column":24},"end":{"line":235,"column":null}},"type":"cond-expr","locations":[{"start":{"line":235,"column":45},"end":{"line":235,"column":53}},{"start":{"line":235,"column":53},"end":{"line":235,"column":null}}],"line":235},"25":{"loc":{"start":{"line":236,"column":25},"end":{"line":238,"column":null}},"type":"cond-expr","locations":[{"start":{"line":237,"column":8},"end":{"line":237,"column":null}},{"start":{"line":238,"column":8},"end":{"line":238,"column":null}}],"line":236},"26":{"loc":{"start":{"line":237,"column":20},"end":{"line":237,"column":91}},"type":"cond-expr","locations":[{"start":{"line":237,"column":41},"end":{"line":237,"column":73}},{"start":{"line":237,"column":73},"end":{"line":237,"column":91}}],"line":237},"27":{"loc":{"start":{"line":274,"column":2},"end":{"line":276,"column":null}},"type":"if","locations":[{"start":{"line":274,"column":2},"end":{"line":276,"column":null}},{"start":{},"end":{}}],"line":274},"28":{"loc":{"start":{"line":274,"column":6},"end":{"line":274,"column":40}},"type":"binary-expr","locations":[{"start":{"line":274,"column":6},"end":{"line":274,"column":28}},{"start":{"line":274,"column":28},"end":{"line":274,"column":40}}],"line":274},"29":{"loc":{"start":{"line":279,"column":2},"end":{"line":285,"column":null}},"type":"if","locations":[{"start":{"line":279,"column":2},"end":{"line":285,"column":null}},{"start":{},"end":{}}],"line":279}},"s":{"0":1,"1":10,"2":10,"3":2,"4":8,"5":8,"6":6,"7":6,"8":14,"9":14,"10":14,"11":6,"12":6,"13":0,"14":5,"15":2,"16":3,"17":7,"18":3,"19":4,"20":1,"21":3,"22":6,"23":2,"24":4,"25":1,"26":3,"27":3,"28":3,"29":0,"30":0,"31":0,"32":4,"33":8,"34":3,"35":5,"36":5,"37":7,"38":7,"39":7,"40":7,"41":7,"42":0,"43":0,"44":0,"45":0,"46":0,"47":0,"48":0,"49":0,"50":0,"51":0,"52":0,"53":0,"54":0,"55":0,"56":0,"57":0,"58":0,"59":0,"60":0,"61":0,"62":0,"63":0,"64":0,"65":0,"66":0,"67":8,"68":3,"69":5,"70":1,"71":1,"72":4,"73":4},"f":{"0":10,"1":5,"2":7,"3":6,"4":0,"5":4,"6":8,"7":7,"8":0,"9":0,"10":0,"11":0,"12":8},"b":{"0":[2,8],"1":[2,6],"2":[6,8],"3":[14,14],"4":[2,3],"5":[3,4],"6":[7,6],"7":[1,3],"8":[2,4],"9":[1,3],"10":[0,0],"11":[3,5],"12":[8,6],"13":[7,1],"14":[0],"15":[0],"16":[0,0],"17":[0,0],"18":[0,0],"19":[0,0],"20":[0,0],"21":[0,0],"22":[0,0],"23":[0,0],"24":[0,0],"25":[0,0],"26":[0,0],"27":[3,5],"28":[8,7],"29":[1,4]},"meta":{"lastBranch":30,"lastFunction":13,"lastStatement":74,"seen":{"s:9:38:16:Infinity":0,"f:21:16:21:36":0,"s:22:18:22:Infinity":1,"b:24:2:24:Infinity:undefined:undefined:undefined:undefined":0,"s:24:2:24:Infinity":2,"s:24:22:24:Infinity":3,"b:25:2:25:Infinity:undefined:undefined:undefined:undefined":1,"s:25:2:25:Infinity":4,"s:25:20:25:Infinity":5,"s:27:2:41:Infinity":6,"s:27:15:27:18":7,"s:28:18:28:Infinity":8,"s:29:18:29:Infinity":9,"b:31:4:40:Infinity:undefined:undefined:undefined:undefined":2,"s:31:4:40:Infinity":10,"b:31:8:31:41:31:41:31:72":3,"s:32:12:32:Infinity":11,"s:34:6:39:Infinity":12,"s:43:2:43:Infinity":13,"f:50:16:50:37":1,"b:51:2:51:Infinity:undefined:undefined:undefined:undefined":4,"s:51:2:51:Infinity":14,"s:51:21:51:Infinity":15,"s:52:2:52:Infinity":16,"f:63:16:63:44":2,"b:64:2:64:Infinity:undefined:undefined:undefined:undefined":5,"s:64:2:64:Infinity":17,"b:64:6:64:28:64:28:64:40":6,"s:64:40:64:Infinity":18,"b:67:2:69:Infinity:undefined:undefined:undefined:undefined":7,"s:67:2:69:Infinity":19,"s:68:4:68:Infinity":20,"s:71:2:71:Infinity":21,"f:83:16:83:37":3,"b:84:2:84:Infinity:undefined:undefined:undefined:undefined":8,"s:84:2:84:Infinity":22,"s:84:14:84:Infinity":23,"b:87:2:89:Infinity:undefined:undefined:undefined:undefined":9,"s:87:2:89:Infinity":24,"s:88:4:88:Infinity":25,"s:91:21:91:Infinity":26,"s:92:22:92:Infinity":27,"s:94:2:94:Infinity":28,"f:101:16:101:40":4,"b:102:2:102:Infinity:undefined:undefined:undefined:undefined":10,"s:102:2:102:Infinity":29,"s:102:14:102:Infinity":30,"s:103:2:103:Infinity":31,"f:110:16:110:33":5,"s:111:2:111:Infinity":32,"f:133:16:133:Infinity":6,"b:139:2:139:Infinity:undefined:undefined:undefined:undefined":11,"s:139:2:139:Infinity":33,"b:139:6:139:21:139:21:139:34":12,"s:139:34:139:Infinity":34,"s:141:19:141:Infinity":35,"s:143:2:157:Infinity":36,"f:143:33:143:38":7,"s:144:18:144:Infinity":37,"b:144:18:144:36:144:36:144:Infinity":13,"s:145:25:145:Infinity":38,"s:146:24:146:Infinity":39,"s:147:25:147:Infinity":40,"s:149:4:156:Infinity":41,"f:182:16:182:Infinity":8,"b:186:52:186:Infinity":14,"b:187:25:187:Infinity":15,"s:194:21:197:Infinity":42,"f:196:29:196:36":9,"s:196:46:196:66":43,"s:200:22:200:Infinity":44,"s:201:19:215:Infinity":45,"f:201:30:201:34":10,"s:202:19:202:Infinity":46,"b:202:19:202:39:202:39:202:Infinity":16,"s:203:18:203:Infinity":47,"b:203:18:203:36:203:36:203:Infinity":17,"s:204:21:204:Infinity":48,"b:204:21:204:43:204:43:204:Infinity":18,"s:207:21:209:Infinity":49,"b:208:9:208:Infinity:209:8:209:Infinity":19,"b:208:28:208:51:208:51:208:Infinity":20,"s:211:21:211:Infinity":50,"s:212:4:212:Infinity":51,"s:214:4:214:Infinity":52,"s:218:19:218:Infinity":53,"s:219:33:252:Infinity":54,"f:219:42:219:47":11,"s:220:26:220:Infinity":55,"b:220:26:220:45:220:45:220:Infinity":21,"s:221:27:221:Infinity":56,"b:221:47:221:74:221:74:221:Infinity":22,"s:222:23:222:Infinity":57,"s:223:30:223:Infinity":58,"b:225:4:227:Infinity:undefined:undefined:undefined:undefined":23,"s:225:4:227:Infinity":59,"s:226:6:226:Infinity":60,"s:230:27:230:Infinity":61,"s:232:27:232:Infinity":62,"s:235:24:235:Infinity":63,"b:235:45:235:53:235:53:235:Infinity":24,"s:236:25:238:Infinity":64,"b:237:8:237:Infinity:238:8:238:Infinity":25,"b:237:41:237:73:237:73:237:91":26,"s:240:4:251:Infinity":65,"s:254:2:258:Infinity":66,"f:269:16:269:Infinity":12,"b:274:2:276:Infinity:undefined:undefined:undefined:undefined":27,"s:274:2:276:Infinity":67,"b:274:6:274:28:274:28:274:40":28,"s:275:4:275:Infinity":68,"b:279:2:285:Infinity:undefined:undefined:undefined:undefined":29,"s:279:2:285:Infinity":69,"s:280:19:280:Infinity":70,"s:281:4:284:Infinity":71,"s:287:17:287:Infinity":72,"s:288:2:291:Infinity":73},"fnNames":{}}}
,"/Users/russlecheng/Documents/Opensource/AI-Portfolio/src/utils/portfolioOptimization.ts": {"path":"/Users/russlecheng/Documents/Opensource/AI-Portfolio/src/utils/portfolioOptimization.ts","statementMap":{"0":{"start":{"line":39,"column":47},"end":{"line":45,"column":null}},"1":{"start":{"line":48,"column":65},"end":{"line":54,"column":null}},"2":{"start":{"line":57,"column":61},"end":{"line":63,"column":null}},"3":{"start":{"line":66,"column":23},"end":{"line":66,"column":null}},"4":{"start":{"line":80,"column":2},"end":{"line":80,"column":null}},"5":{"start":{"line":80,"column":15},"end":{"line":80,"column":null}},"6":{"start":{"line":81,"column":14},"end":{"line":81,"column":null}},"7":{"start":{"line":82,"column":38},"end":{"line":93,"column":null}},"8":{"start":{"line":94,"column":2},"end":{"line":94,"column":null}},"9":{"start":{"line":102,"column":2},"end":{"line":102,"column":null}},"10":{"start":{"line":110,"column":2},"end":{"line":113,"column":null}},"11":{"start":{"line":111,"column":16},"end":{"line":111,"column":null}},"12":{"start":{"line":117,"column":10},"end":{"line":117,"column":null}},"13":{"start":{"line":118,"column":2},"end":{"line":122,"column":null}},"14":{"start":{"line":119,"column":4},"end":{"line":121,"column":null}},"15":{"start":{"line":120,"column":6},"end":{"line":120,"column":null}},"16":{"start":{"line":123,"column":2},"end":{"line":123,"column":null}},"17":{"start":{"line":127,"column":14},"end":{"line":127,"column":null}},"18":{"start":{"line":128,"column":14},"end":{"line":128,"column":null}},"19":{"start":{"line":129,"column":17},"end":{"line":129,"column":null}},"20":{"start":{"line":130,"column":2},"end":{"line":135,"column":null}},"21":{"start":{"line":147,"column":14},"end":{"line":147,"column":null}},"22":{"start":{"line":147,"column":35},"end":{"line":147,"column":59}},"23":{"start":{"line":148,"column":14},"end":{"line":148,"column":null}},"24":{"start":{"line":148,"column":35},"end":{"line":148,"column":42}},"25":{"start":{"line":149,"column":35},"end":{"line":155,"column":null}},"26":{"start":{"line":156,"column":2},"end":{"line":158,"column":null}},"27":{"start":{"line":157,"column":4},"end":{"line":157,"column":null}},"28":{"start":{"line":159,"column":2},"end":{"line":159,"column":null}},"29":{"start":{"line":173,"column":2},"end":{"line":173,"column":null}},"30":{"start":{"line":173,"column":27},"end":{"line":173,"column":null}},"31":{"start":{"line":176,"column":17},"end":{"line":176,"column":null}},"32":{"start":{"line":176,"column":44},"end":{"line":176,"column":71}},"33":{"start":{"line":179,"column":45},"end":{"line":179,"column":null}},"34":{"start":{"line":180,"column":15},"end":{"line":180,"column":null}},"35":{"start":{"line":181,"column":2},"end":{"line":199,"column":null}},"36":{"start":{"line":182,"column":4},"end":{"line":198,"column":null}},"37":{"start":{"line":184,"column":6},"end":{"line":195,"column":null}},"38":{"start":{"line":187,"column":21},"end":{"line":187,"column":null}},"39":{"start":{"line":188,"column":25},"end":{"line":188,"column":null}},"40":{"start":{"line":189,"column":25},"end":{"line":189,"column":null}},"41":{"start":{"line":191,"column":8},"end":{"line":194,"column":null}},"42":{"start":{"line":192,"column":10},"end":{"line":192,"column":null}},"43":{"start":{"line":193,"column":10},"end":{"line":193,"column":null}},"44":{"start":{"line":196,"column":6},"end":{"line":196,"column":null}},"45":{"start":{"line":197,"column":6},"end":{"line":197,"column":null}},"46":{"start":{"line":201,"column":2},"end":{"line":201,"column":null}},"47":{"start":{"line":201,"column":38},"end":{"line":201,"column":null}},"48":{"start":{"line":204,"column":8},"end":{"line":204,"column":null}},"49":{"start":{"line":205,"column":43},"end":{"line":205,"column":null}},"50":{"start":{"line":206,"column":2},"end":{"line":209,"column":null}},"51":{"start":{"line":206,"column":15},"end":{"line":206,"column":18}},"52":{"start":{"line":207,"column":16},"end":{"line":207,"column":null}},"53":{"start":{"line":208,"column":4},"end":{"line":208,"column":null}},"54":{"start":{"line":210,"column":2},"end":{"line":210,"column":null}},"55":{"start":{"line":226,"column":23},"end":{"line":226,"column":null}},"56":{"start":{"line":227,"column":43},"end":{"line":227,"column":null}},"57":{"start":{"line":229,"column":2},"end":{"line":232,"column":null}},"58":{"start":{"line":229,"column":15},"end":{"line":229,"column":18}},"59":{"start":{"line":230,"column":14},"end":{"line":230,"column":null}},"60":{"start":{"line":231,"column":4},"end":{"line":231,"column":null}},"61":{"start":{"line":234,"column":19},"end":{"line":234,"column":null}},"62":{"start":{"line":237,"column":18},"end":{"line":237,"column":null}},"63":{"start":{"line":238,"column":2},"end":{"line":240,"column":null}},"64":{"start":{"line":239,"column":4},"end":{"line":239,"column":null}},"65":{"start":{"line
[...]
,"s:218:29:218:Infinity":75,"s:219:29:219:Infinity":76,"s:221:4:297:Infinity":77,"s:221:17:221:20":78,"s:222:18:222:Infinity":79,"s:225:24:225:Infinity":80,"s:226:23:226:Infinity":81,"b:227:6:231:Infinity:undefined:undefined:undefined:undefined":17,"s:227:6:231:Infinity":82,"s:228:19:228:Infinity":83,"s:229:8:229:Infinity":84,"s:230:8:230:Infinity":85,"s:233:27:233:Infinity":86,"b:235:6:294:Infinity:238:13:294:Infinity":18,"s:235:6:294:Infinity":87,"s:237:8:237:Infinity":88,"s:242:26:242:Infinity":89,"b:243:8:253:Infinity:undefined:undefined:undefined:undefined":19,"s:243:8:253:Infinity":90,"b:244:10:252:Infinity:246:17:252:Infinity":20,"s:244:10:252:Infinity":91,"s:245:12:245:Infinity":92,"b:246:17:252:Infinity:249:17:252:Infinity":21,"s:246:17:252:Infinity":93,"s:248:12:248:Infinity":94,"s:251:12:251:Infinity":95,"s:255:29:255:Infinity":96,"b:257:8:286:Infinity:264:15:286:Infinity":22,"s:257:8:286:Infinity":97,"b:259:10:263:Infinity:261:17:263:Infinity":23,"s:259:10:263:Infinity":98,"s:260:12:260:Infinity":99,"b:261:17:263:Infinity:undefined:undefined:undefined:undefined":24,"s:261:17:263:Infinity":100,"s:262:12:262:Infinity":101,"b:264:15:286:Infinity:274:15:286:Infinity":25,"s:264:15:286:Infinity":102,"s:266:33:266:Infinity":103,"b:267:10:273:Infinity:271:17:273:Infinity":26,"s:267:10:273:Infinity":104,"s:268:29:268:Infinity":105,"b:268:47:268:89:268:89:268:Infinity":27,"s:269:18:269:Infinity":106,"s:270:12:270:Infinity":107,"s:272:12:272:Infinity":108,"b:274:15:286:Infinity:undefined:undefined:undefined:undefined":28,"s:274:15:286:Infinity":109,"b:276:10:284:Infinity:281:17:284:Infinity":29,"s:276:10:284:Infinity":110,"s:278:40:278:Infinity":111,"s:279:12:279:Infinity":112,"s:280:12:280:Infinity":113,"s:283:12:283:Infinity":114,"s:285:10:285:Infinity":115,"s:289:8:289:Infinity":116,"s:292:8:292:Infinity":117,"s:293:8:293:Infinity":118,"s:296:6:296:Infinity":119,"s:301:23:301:Infinity":120,"s:302:24:302:Infinity":121,"s:303:24:303:Infinity":122,"s:304:31:304:Infinity":123,"s:306:2:313:Infinity":124,"s:306:15:306:18":125,"s:307:4:307:Infinity":126,"s:308:23:308:Infinity":127,"f:308:35:308:39":12,"s:308:46:308:52":128,"f:308:54:308:60":13,"s:308:69:308:74":129,"s:310:4:310:Infinity":130,"s:311:4:311:Infinity":131,"s:312:4:312:Infinity":132,"s:316:38:316:Infinity":133,"s:317:39:317:Infinity":134,"s:318:39:318:Infinity":135,"s:320:2:328:Infinity":136,"s:320:15:320:18":137,"s:321:16:321:Infinity":138,"b:323:4:327:Infinity:undefined:undefined:undefined:undefined":30,"s:323:4:327:Infinity":139,"b:324:6:324:Infinity:undefined:undefined:undefined:undefined":31,"s:324:6:324:Infinity":140,"b:324:10:324:37:324:37:324:49":32,"s:324:49:324:Infinity":141,"b:325:6:325:Infinity:undefined:undefined:undefined:undefined":33,"s:325:6:325:Infinity":142,"b:325:10:325:38:325:38:325:51":34,"s:325:51:325:Infinity":143,"b:326:6:326:Infinity:undefined:undefined:undefined:undefined":35,"s:326:6:326:Infinity":144,"b:326:10:326:38:326:38:326:51":36,"s:326:51:326:Infinity":145,"s:330:2:338:Infinity":146,"f:366:16:366:Infinity":14,"s:374:25:374:Infinity":147,"s:375:19:375:Infinity":148,"s:378:25:378:Infinity":149,"s:379:2:381:Infinity":150,"s:379:15:379:19":151,"s:380:4:380:Infinity":152,"s:384:25:384:Infinity":153,"s:385:2:387:Infinity":154,"s:385:15:385:18":155,"s:386:4:386:Infinity":156,"s:390:32:416:Infinity":157,"f:390:37:390:42":15,"s:391:4:415:Infinity":158,"f:391:16:391:21":16,"s:392:18:392:Infinity":159,"s:394:6:401:Infinity":160,"s:394:19:394:22":161,"s:396:8:396:Infinity":162,"b:397:8:400:Infinity:undefined:undefined:undefined:undefined":37,"s:397:8:400:Infinity":163,"s:398:10:398:Infinity":164,"s:399:10:399:Infinity":165,"s:403:6:403:Infinity":166,"b:406:6:412:Infinity:408:13:412:Infinity":38,"s:406:6:412:Infinity":167,"s:407:8:407:Infinity":168,"b:408:13:412:Infinity:410:13:412:Infinity":39,"s:408:13:412:Infinity":169,"s:409:8:409:Infinity":170,"s:411:8:411:Infinity":171,"s:414:6:414:Infinity":172,"s:419:8:430:Infinity":173,"f:419:8:419:30":17,"s:420:19:420:Infinity":174,"b:421:4:421:Infinity:undefined:undefined:undefined:undefined":40,"s:421:4:421:Infinity":175,"s:421:23:421:Infinity":176,"s:424:4:428:Infinity":177,"s:424:22:424:39":178,"b:425:6:427:Infinity:undefined:undefined:undefined:undefined":41,"s:425:6:427:Infinity":179,"s:426:8:426:Infinity":180,"s:429:4:429:Infinity":181,"s:432:2:432:Infinity":182,"s:447:4:472:Infinity":183,"s:491:13:593:Infinity":184,"f:491:13:491:Infinity":18,"s:500:18:500:Infinity":185,"s:501:41:501:Infinity":186,"s:503:21:503:Infinity":187,"s:504:20:504:Infinity":188,"s:505:38:505:Infinity":189,"s:508:25:508:Infinity":190,"s:509:19:509:Infinity":191,"s:512:22:512:Infinity":192,"s:514:2:585:Infinity":193,"s:514:15:514:18":194,"b:515:4:528:Infinity:undefined:undefined:undefined:undefined":42,"s:515:4:528:Infinity":195,"b:516:6:519:Infinity:undefined:undefined:undefined:undefined":43,"s:516:6:519:Infinity":196,"s:517:8:517:Infinity":197,"s:518:8:518:Infinity":198,"s:520:6:520:Infinity":199,"s:521:6:526:Infinity":200,"s:527:6:527:Infinity":201,"s:530:22:530:Infinity":202,"s:533:10:535:Infinity":203,"f:533:10:533:30":19,"s:534:6:534:Infinity":204,"s:537:22:537:Infinity":205,"s:538:22:538:Infinity":206,"s:539:24:539:Infinity":207,"s:540:26:540:Infinity":208,"s:541:24:541:Infinity":209,"s:545:6:549:Infinity":210,"s:552:26:552:Infinity":211,"b:555:4:562:Infinity:undefined:undefined:undefined:undefined":44,"s:555:4:562:Infinity":212,"s:556:27:556:Infinity":213,"s:557:24:557:Infinity":214,"b:558:6:560:Infinity:undefined:undefined:undefined:undefined":45,"s:558:6:560:Infinity":215,"s:559:8:559:Infinity":216,"s:561:6:561:Infinity":217,"b:565:4:571:Infinity:undefined:undefined:undefined:undefined":46,"s:565:4:571:Infinity":218,"b:566:6:570:Infinity:568:13:570:Infinity":47,"s:566:6:570:Infinity":219,"s:567:8:567:Infinity":220,"b:568:13:570:Infinity:undefined:undefined:undefined:undefined":48,"s:568:13:570:Infinity":221,"s:569:8:569:Infinity":222,"s:574:4:574:Infinity":223,"s:577:4:577:Infinity":224,"s:579:4:584:Infinity":225,"s:587:2:592:Infinity":226},"fnNames":{}}}
,"/Users/russlecheng/Documents/Opensource/AI-Portfolio/src/utils/scenario.ts": {"path":"/Users/russlecheng/Documents/Opensource/AI-Portfolio/src/utils/scenario.ts","statementMap":{"0":{"start":{"line":7,"column":13},"end":{"line":16,"column":null}},"1":{"start":{"line":8,"column":27},"end":{"line":12,"column":null}},"2":{"start":{"line":15,"column":2},"end":{"line":15,"column":null}},"3":{"start":{"line":22,"column":13},"end":{"line":29,"column":null}},"4":{"start":{"line":23,"column":27},"end":{"line":26,"column":null}},"5":{"start":{"line":28,"column":2},"end":{"line":28,"column":null}},"6":{"start":{"line":35,"column":13},"end":{"line":43,"column":null}},"7":{"start":{"line":36,"column":17},"end":{"line":36,"column":null}},"8":{"start":{"line":37,"column":27},"end":{"line":40,"column":null}},"9":{"start":{"line":42,"column":2},"end":{"line":42,"column":null}},"10":{"start":{"line":49,"column":13},"end":{"line":54,"column":null}},"11":{"start":{"line":50,"column":2},"end":{"line":53,"column":null}},"12":{"start":{"line":57,"column":6},"end":{"line":75,"column":null}},"13":{"start":{"line":58,"column":22},"end":{"line":58,"column":null}},"14":{"start":{"line":59,"column":21},"end":{"line":59,"column":null}},"15":{"start":{"line":61,"column":2},"end":{"line":69,"column":null}},"16":{"start":{"line":62,"column":4},"end":{"line":65,"column":null}},"17":{"start":{"line":67,"column":21},"end":{"line":67,"column":null}},"18":{"start":{"line":68,"column":4},"end":{"line":68,"column":null}},"19":{"start":{"line":71,"column":2},"end":{"line":74,"column":null}},"20":{"start":{"line":80,"column":13},"end":{"line":108,"column":null}},"21":{"start":{"line":84,"column":2},"end":{"line":107,"column":null}},"22":{"start":{"line":86,"column":6},"end":{"line":89,"column":null}},"23":{"start":{"line":91,"column":6},"end":{"line":94,"column":null}},"24":{"start":{"line":96,"column":6},"end":{"line":99,"column":null}},"25":{"start":{"line":101,"column":6},"end":{"line":104,"column":null}},"26":{"start":{"line":106,"column":6},"end":{"line":106,"column":null}}},"fnMap":{"0":{"name":"(anonymous_0)","decl":{"start":{"line":7,"column":13},"end":{"line":7,"column":40}},"loc":{"start":{"line":7,"column":76},"end":{"line":16,"column":null}},"line":7},"1":{"name":"(anonymous_1)","decl":{"start":{"line":22,"column":13},"end":{"line":22,"column":41}},"loc":{"start":{"line":22,"column":77},"end":{"line":29,"column":null}},"line":22},"2":{"name":"(anonymous_2)","decl":{"start":{"line":35,"column":13},"end":{"line":35,"column":42}},"loc":{"start":{"line":35,"column":102},"end":{"line":43,"column":null}},"line":35},"3":{"name":"(anonymous_3)","decl":{"start":{"line":49,"column":13},"end":{"line":49,"column":39}},"loc":{"start":{"line":49,"column":90},"end":{"line":54,"column":null}},"line":49},"4":{"name":"(anonymous_4)","decl":{"start":{"line":57,"column":6},"end":{"line":57,"column":32}},"loc":{"start":{"line":57,"column":68},"end":{"line":75,"column":null}},"line":57},"5":{"name":"(anonymous_5)","decl":{"start":{"line":80,"column":13},"end":{"line":80,"column":null}},"loc":{"start":{"line":83,"column":23},"end":{"line":108,"column":null}},"line":83}},"branchMap":{"0":{"loc":{"start":{"line":35,"column":64},"end":{"line":35,"column":102}},"type":"default-arg","locations":[{"start":{"line":35,"column":84},"end":{"line":35,"column":102}}],"line":35},"1":{"loc":{"start":{"line":61,"column":2},"end":{"line":69,"column":null}},"type":"if","locations":[{"start":{"line":61,"column":2},"end":{"line":69,"column":null}},{"start":{"line":66,"column":9},"end":{"line":69,"column":null}}],"line":61},"2":{"loc":{"start":{"line":84,"column":2},"end":{"line":107,"column":null}},"type":"switch","locations":[{"start":{"line":85,"column":4},"end":{"line":89,"column":null}},{"start":{"line":90,"column":4},"end":{"line":94,"column":null}},{"start":{"line":95,"column":4},"end":{"line":99,"column":null}},{"start":{"line":100,"column":4},"end":{"line":104,"column":null}},{"start":{"line":105,"column":4},"end":{"line":106,"column":null}}],"line":84}},"s":{"0":1,"1":6,"2":6,"3":1,"4":4,"5":4,"6":1,"7":5,"8":5,"9":5,"10":1,"11":5,"12":1,"13":15,"14":15,"15":15,"16":15,"17":0,"18":0,"19":15,"20":1,"21":7,"22":2,"23":1,"24":1,"25":2,"26":1},"f":{"0":6,"1":4,"2":5,"3":5,"4":15,"5":7},"b":{"0":[5],"1":[15,0],"2":[2,1,1,2,1]},"meta":{"lastBranch":3,"lastFunction":6,"lastStatement":27,"seen":{"s:7:13:16:Infinity":0,"f:7:13:7:40":0,"s:8:27:12:Infinity":1,"s:15:2:15:Infinity":2,"s:22:13:29:Infinity":3,"f:22:13:22:41":1,"s:23:27:26:Infinity":4,"s:28:2:28:Infinity":5,"s:35:13:43:Infinity":6,"f:35:13:35:42":2,"b:35:84:35:102":0,"s:36:17:36:Infinity":7,"s:37:27:40:Infinity":8,"s:42:2:42:Infinity":9,"s:49:13:54:Infinity":10,"f:49:13:49:39":3,"s:50:2:53:Infinity":11,"s:57:6:75:Infinity":12,"f:57:6:57:32":4,"s:58:22:58:Infinity":13,"s:59:21:59:Infinity":14,"b:61:2:69:Infinity:66:9:69:Infinity":1,"s:61:2:69:Infinity":15,"s:62:4:65:Infinity":16,"s:67:21:67:Infinity":17,"s:68:4:68:Infinity":18,"s:71:2:74:Infinity":19,"s:80:13:108:Infinity":20,"f:80:13:80:Infinity":5,"b:85:4:89:Infinity:90:4:94:Infinity:95:4:99:Infinity:100:4:104:Infinity:105:4:106:Infinity":2,"s:84:2:107:Infinity":21,"s:86:6:89:Infinity":22,"s:91:6:94:Infinity":23,"s:96:6:99:Infinity":24,"s:101:6:104:Infinity":25,"s:106:6:106:Infinity":26},"fnNames":{}}}
,"/Users/russlecheng/Documents/Opensource/AI-Portfolio/src/utils/stressTest.ts": {"path":"/Users/russlecheng/Documents/Opensource/AI-Portfolio/src/utils/stressTest.ts","statementMap":{"0":{"start":{"line":23,"column":16},"end":{"line":60,"column":null}},"1":{"start":{"line":71,"column":17},"end":{"line":71,"column":null}},"2":{"start":{"line":72,"column":20},"end":{"line":72,"column":null}},"3":{"start":{"line":75,"column":22},"end":{"line":75,"column":null}},"4":{"start":{"line":78,"column":2},"end":{"line":92,"column":null}},"5":{"start":{"line":79,"column":4},"end":{"line":91,"column":null}},"6":{"start":{"line":94,"column":18},"end":{"line":100,"column":null}},"7":{"start":{"line":102,"column":25},"end":{"line":104,"column":null}},"8":{"start":{"line":106,"column":14},"end":{"line":106,"column":null}},"9":{"start":{"line":107,"column":61},"end":{"line":107,"column":null}},"10":{"start":{"line":108,"column":20},"end":{"line":108,"column":null}},"11":{"start":{"line":109,"column":13},"end":{"line":109,"column":null}},"12":{"start":{"line":110,"column":37},"end":{"line":110,"column":null}},"13":{"start":{"line":111,"column":23},"end":{"line":111,"column":null}},"14":{"start":{"line":113,"column":2},"end":{"line":138,"column":null}},"15":{"start":{"line":113,"column":15},"end":{"line":113,"column":18}},"16":{"start":{"line":115,"column":6},"end":{"line":119,"column":null}},"17":{"start":{"line":121,"column":4},"end":{"line":127,"column":null}},"18":{"start":{"line":123,"column":6},"end":{"line":123,"column":null}},"19":{"start":{"line":126,"column":6},"end":{"line":126,"column":null}},"20":{"start":{"line":129,"column":4},"end":{"line":129,"column":null}},"21":{"start":{"line":131,"column":4},"end":{"line":131,"column":null}},"22":{"start":{"line":131,"column":22},"end":{"line":131,"column":null}},"23":{"start":{"line":132,"column":21},"end":{"line":132,"column":null}},"24":{"start":{"line":133,"column":4},"end":{"line":133,"column":null}},"25":{"start":{"line":133,"column":32},"end":{"line":133,"column":null}},"26":{"start":{"line":135,"column":4},"end":{"line":137,"column":null}},"27":{"start":{"line":136,"column":6},"end":{"line":136,"column":null}},"28":{"start":{"line":140,"column":2},"end":{"line":152,"column":null}},"29":{"start":{"line":161,"column":34},"end":{"line":161,"column":null}},"30":{"start":{"line":162,"column":2},"end":{"line":162,"column":null}},"31":{"start":{"line":162,"column":31},"end":{"line":162,"column":102}}},"fnMap":{"0":{"name":"runStressTestScenario","decl":{"start":{"line":64,"column":16},"end":{"line":64,"column":null}},"loc":{"start":{"line":70,"column":20},"end":{"line":153,"column":null}},"line":70},"1":{"name":"runAllStressTests","decl":{"start":{"line":155,"column":16},"end":{"line":155,"column":null}},"loc":{"start":{"line":160,"column":22},"end":{"line":163,"column":null}},"line":160},"2":{"name":"(anonymous_2)","decl":{"start":{"line":162,"column":21},"end":{"line":162,"column":25}},"loc":{"start":{"line":162,"column":31},"end":{"line":162,"column":102}},"line":162}},"branchMap":{"0":{"loc":{"start":{"line":78,"column":2},"end":{"line":92,"column":null}},"type":"if","locations":[{"start":{"line":78,"column":2},"end":{"line":92,"column":null}},{"start":{},"end":{}}],"line":78},"1":{"loc":{"start":{"line":102,"column":25},"end":{"line":104,"column":null}},"type":"cond-expr","locations":[{"start":{"line":103,"column":6},"end":{"line":103,"column":null}},{"start":{"line":104,"column":6},"end":{"line":104,"column":null}}],"line":102},"2":{"loc":{"start":{"line":115,"column":26},"end":{"line":115,"column":null}},"type":"binary-expr","locations":[{"start":{"line":115,"column":26},"end":{"line":115,"column":56}},{"start":{"line":115,"column":56},"end":{"line":115,"column":null}}],"line":115},"3":{"loc":{"start":{"line":116,"column":26},"end":{"line":116,"column":null}},"type":"binary-expr","locations":[{"start":{"line":116,"column":26},"end":{"line":116,"column":56}},{"start":{"line":116,"column":56},"end":{"line":116,"column":null}}],"line":116},"4":{"loc":{"start":{"line":117,"column":22},"end":{"line":117,"column":null}},"type":"binary-expr","locations":[{"start":{"line":117,"column":22},"end":{"line":117,"column":48}},{"start":{"line":117,"column":48},"end":{"line":117,"column":null}}],"line":117},"5":{"loc":{"start":{"line":118,"column":24},"end":{"line":118,"column":null}},"type":"binary-expr","locations":[{"start":{"line":118,"column":24},"end":{"line":118,"column":52}},{"start":{"line":118,"column":52},"end":{"line":118,"column":null}}],"line":118},"6":{"loc":{"start":{"line":119,"column":22},"end":{"line":119,"column":null}},"type":"binary-expr","locations":[{"start":{"line":119,"column":22},"end":{"line":119,"column":48}},{"start":{"line":119,"column":48},"end":{"line":119,"column":null}}],"line":119},"7":{"loc":{"start":{"line":121,"column":4},"end":{"line":127,"column":null}},"type":"if","locations":[{"start":{"line":121,"column":4},"end":{"line":127,"column":null}},{"start":{"line":124,"column":11},"end":{"line":127,"column":null}}],"line":121},"8":{"loc":{"start":{"line":131,"column":4},"end":{"line":131,"column":null}},"type":"if","locations":[{"start":{"line":131,"column":4},"end":{"line":131,"column":null}},{"start":{},"end":{}}],"line":131},"9":{"loc":{"start":{"line":132,"column":21},"end":{"line":132,"column":null}},"type":"cond-expr","locations":[{"start":{"line":132,"column":28},"end":{"line":132,"column":62}},{"start":{"line":132,"column":62},"end":{"line":132,"column":null}}],"line":132},"10":{"loc":{"start":{"line":133,"column":4},"end":{"line":133,"column":null}},"type":"if","locations":[{"start":{"line":133,"column":4},"end":{"line":133,"column":null}},{"start":{},"end":{}}],"line":133},"11":{"loc":{"start":{"line":135,"column":4},"end":{"line":137,"column":null}},"type":"if","locations":[{"start":{"line":135,"column":4},"end":{"line":137,"column":null}},{"start":{},"end":{}}],"line":135},"12":{"loc":{"start":{"line":135,"column":8},"end":{"line":135,"column":46}},"type":"binary-expr","locations":[{"start":{"line":135,"column":8},"end":{"line":135,"column":22}},{"start":{"line":135,"column":22},"end":{"line":135,"column":46}}],"line":135},"13":{"loc":{"start":{"line":150,"column":19},"end":{"line":150,"column":null}},"type":"binary-expr","locations":[{"start":{"line":150,"column":19},"end":{"line":150,"column":36}},{"start":{"line":150,"column":36},"end":{"line":150,"column":null}}],"line":150}},"s":{"0":1,"1":23,"2":23,"3":23,"4":23,"5":1,"6":22,"7":22,"8":23,"9":23,"10":23,"11":23,"12":23,"13":23,"14":23,"15":23,"16":198,"17":198,"18":37,"19":161,"20":198,"21":198,"22":161,"23":198,"24":198,"25":8,"26":198,"27":4,"28":22,"29":3,"30":3,"31":9},"f":{"0":23,"1":3,"2":9},"b":{"0":[1,22],"1":[4,18],"2":[198,0],"3":[198,0],"4":[198,0],"5":[198,0],"6":[198,0],"7":[37,161],"8":[161,37],"9":[198,0],"10":[8,190],"11":[4,194],"12":[198,33],"13":[22,18]},"meta":{"lastBranch":14,"lastFunction":3,"lastStatement":32,"seen":{"s:23:16:60:Infinity":0,"f:64:16:64:Infinity":0,"s:71:17:71:Infinity":1,"s:72:20:72:Infinity":2,"s:75:22:75:Infinity":3,"b:78:2:92:Infinity:undefined:undefined:undefined:undefined":0,"s:78:2:92:Infinity":4,"s:79:4:91:Infinity":5,"s:94:18:100:Infinity":6,"s:102:25:104:Infinity":7,"b:103:6:103:Infinity:104:6:104:Infinity":1,"s:106:14:106:Infinity":8,"s:107:61:107:Infinity":9,"s:108:20:108:Infinity":10,"s:109:13:109:Infinity":11,"s:110:37:110:Infinity":12,"s:111:23:111:Infinity":13,"s:113:2:138:Infinity":14,"s:113:15:113:18":15,"s:115:6:119:Infinity":16,"b:115:26:115:56:115:56:115:Infinity":2,"b:116:26:116:56:116:56:116:Infinity":3,"b:117:22:117:48:117:48:117:Infinity":4,"b:118:24:118:52:118:52:118:Infinity":5,"b:119:22:119:48:119:48:119:Infinity":6,"b:121:4:127:Infinity:124:11:127:Infinity":7,"s:121:4:127:Infinity":17,"s:123:6:123:Infinity":18,"s:126:6:126:Infinity":19,"s:129:4:129:Infinity":20,"b:131:4:131:Infinity:undefined:undefined:undefined:undefined":8,"s:131:4:131:Infinity":21,"s:131:22:131:Infinity":22,"s:132:21:132:Infinity":23,"b:132:28:132:62:132:62:132:Infinity":9,"b:133:4:133:Infinity:undefined:undefined:undefined:undefined":10,"s:133:4:133:Infinity":24,"s:133:32:133:Infinity":25,"b:135:4:137:Infinity:undefined:undefined:undefined:undefined":11,"s:135:4:137:Infinity":26,"b:135:8:135:22:135:22:135:46":12,"s:136:6:136:Infinity":27,"s:140:2:152:Infinity":28,"b:150:19:150:36:150:36:150:Infinity":13,"f:155:16:155:Infinity":1,"s:161:34:161:Infinity":29,"s:162:2:162:Infinity":30,"f:162:21:162:25":2,"s:162:31:162:102":31},"fnNames":{}}}
}
